Release 12.3 Xflow M.70d (lin64)
Copyright (c) 1995-2010 Xilinx, Inc.  All rights reserved.
xflow -wd implementation -p xc6vlx240tff1156-1 -implement xflow.opt system.ngc  
PMSPEC -- Overriding Xilinx file
</opt/Xilinx/12.3/ISE_DS/EDK/virtex6/data/virtex6.acd> with local file
</opt/Xilinx/12.3/ISE_DS/ISE/virtex6/data/virtex6.acd>
.... Copying flowfile /opt/Xilinx/12.3/ISE_DS/ISE/xilinx/data/fpga.flw into
working directory
/home/rihuber/reconos/projects/sort_demo/hw/edk-static/implementation 

Using Flow File:
/home/rihuber/reconos/projects/sort_demo/hw/edk-static/implementation/fpga.flw 
Using Option File(s): 
 /home/rihuber/reconos/projects/sort_demo/hw/edk-static/implementation/xflow.opt
 

Creating Script File ... 

#----------------------------------------------#
# Starting program ngdbuild
# ngdbuild -p xc6vlx240tff1156-1 -nt timestamp -bm system.bmm
"/home/rihuber/reconos/projects/sort_demo/hw/edk-static/implementation/system.ng
c" -uc system.ucf system.ngd 
#----------------------------------------------#
Release 12.3 - ngdbuild M.70d (lin64)
Copyright (c) 1995-2010 Xilinx, Inc.  All rights reserved.
PMSPEC -- Overriding Xilinx file
</opt/Xilinx/12.3/ISE_DS/EDK/virtex6/data/virtex6.acd> with local file
</opt/Xilinx/12.3/ISE_DS/ISE/virtex6/data/virtex6.acd>

Command Line: /opt/Xilinx/12.3/ISE_DS/ISE/bin/lin64/unwrapped/ngdbuild -p
xc6vlx240tff1156-1 -nt timestamp -bm system.bmm
/home/rihuber/reconos/projects/sort_demo/hw/edk-static/implementation/system.ngc
-uc system.ucf system.ngd

Reading NGO file
"/home/rihuber/reconos/projects/sort_demo/hw/edk-static/implementation/system.ng
c" ...
Gathering constraint information from source properties...
Done.

Annotating constraints to design from ucf file "system.ucf" ...
Resolving constraint associations...
Checking Constraint Associations...
INFO:ConstraintSystem:178 - TNM 'sys_clk_pin', used in period specification
   'TS_sys_clk_pin', was traced into MMCM_ADV instance
   clock_generator_0/MMCM0_INST/MMCM_ADV_inst. The following new TNM groups and
   period specifications were generated at the MMCM_ADV output(s): 
   CLKOUT3: <TIMESPEC TS_clk_400_0000MHzMMCM0_nobuf_varphase = PERIOD
   "clk_400_0000MHzMMCM0_nobuf_varphase" TS_sys_clk_pin * 2 HIGH 50%>

INFO:ConstraintSystem:178 - TNM 'sys_clk_pin', used in period specification
   'TS_sys_clk_pin', was traced into MMCM_ADV instance
   clock_generator_0/MMCM0_INST/MMCM_ADV_inst. The following new TNM groups and
   period specifications were generated at the MMCM_ADV output(s): 
   CLKOUT1: <TIMESPEC TS_clock_generator_0_clock_generator_0_SIG_MMCM0_CLKOUT1 =
   PERIOD "clock_generator_0_clock_generator_0_SIG_MMCM0_CLKOUT1" TS_sys_clk_pin
   HIGH 50%>

INFO:ConstraintSystem:178 - TNM 'sys_clk_pin', used in period specification
   'TS_sys_clk_pin', was traced into MMCM_ADV instance
   clock_generator_0/MMCM0_INST/MMCM_ADV_inst. The following new TNM groups and
   period specifications were generated at the MMCM_ADV output(s): 
   CLKOUT0: <TIMESPEC TS_clock_generator_0_clock_generator_0_SIG_MMCM0_CLKOUT0 =
   PERIOD "clock_generator_0_clock_generator_0_SIG_MMCM0_CLKOUT0" TS_sys_clk_pin
   * 0.5 HIGH 50%>

INFO:ConstraintSystem:178 - TNM 'sys_clk_pin', used in period specification
   'TS_sys_clk_pin', was traced into MMCM_ADV instance
   clock_generator_0/MMCM0_INST/MMCM_ADV_inst. The following new TNM groups and
   period specifications were generated at the MMCM_ADV output(s): 
   CLKOUT2: <TIMESPEC TS_clock_generator_0_clock_generator_0_SIG_MMCM0_CLKOUT2 =
   PERIOD "clock_generator_0_clock_generator_0_SIG_MMCM0_CLKOUT2" TS_sys_clk_pin
   * 2 HIGH 50%>

Done...

Processing BMM file "system.bmm" ...

Checking expanded design ...
WARNING:NgdBuild:486 - Attribute "INIT_FILE" is not allowed on symbol
   "DDR3_SDRAM/mpmc_core_0/gen_paths.mpmc_data_path_0/gen_read_fifos[0].gen_fifo
   s.mpmc_read_fifo_0/gen_fifos_bram.mpmc_bram_fifo_0/gen_brams_normal.gen_v4.ge
   n_brams[3].bram" of type "RAMB16".  This attribute will be ignored.
WARNING:NgdBuild:486 - Attribute "INIT_FILE" is not allowed on symbol
   "DDR3_SDRAM/mpmc_core_0/gen_paths.mpmc_data_path_0/gen_read_fifos[0].gen_fifo
   s.mpmc_read_fifo_0/gen_fifos_bram.mpmc_bram_fifo_0/gen_brams_normal.gen_v4.ge
   n_brams[2].bram" of type "RAMB16".  This attribute will be ignored.
WARNING:NgdBuild:486 - Attribute "INIT_FILE" is not allowed on symbol
   "DDR3_SDRAM/mpmc_core_0/gen_paths.mpmc_data_path_0/gen_read_fifos[0].gen_fifo
   s.mpmc_read_fifo_0/gen_fifos_bram.mpmc_bram_fifo_0/gen_brams_normal.gen_v4.ge
   n_brams[1].bram" of type "RAMB16".  This attribute will be ignored.
WARNING:NgdBuild:486 - Attribute "INIT_FILE" is not allowed on symbol
   "DDR3_SDRAM/mpmc_core_0/gen_paths.mpmc_data_path_0/gen_read_fifos[0].gen_fifo
   s.mpmc_read_fifo_0/gen_fifos_bram.mpmc_bram_fifo_0/gen_brams_normal.gen_v4.ge
   n_brams[0].bram" of type "RAMB16".  This attribute will be ignored.
WARNING:NgdBuild:486 - Attribute "INIT_FILE" is not allowed on symbol
   "DDR3_SDRAM/mpmc_core_0/gen_paths.mpmc_data_path_0/gen_read_fifos[1].gen_fifo
   s.mpmc_read_fifo_0/gen_fifos_bram.mpmc_bram_fifo_0/gen_brams_normal.gen_v4.ge
   n_brams[3].bram" of type "RAMB16".  This attribute will be ignored.
WARNING:NgdBuild:486 - Attribute "INIT_FILE" is not allowed on symbol
   "DDR3_SDRAM/mpmc_core_0/gen_paths.mpmc_data_path_0/gen_read_fifos[1].gen_fifo
   s.mpmc_read_fifo_0/gen_fifos_bram.mpmc_bram_fifo_0/gen_brams_normal.gen_v4.ge
   n_brams[2].bram" of type "RAMB16".  This attribute will be ignored.
WARNING:NgdBuild:486 - Attribute "INIT_FILE" is not allowed on symbol
   "DDR3_SDRAM/mpmc_core_0/gen_paths.mpmc_data_path_0/gen_read_fifos[1].gen_fifo
   s.mpmc_read_fifo_0/gen_fifos_bram.mpmc_bram_fifo_0/gen_brams_normal.gen_v4.ge
   n_brams[1].bram" of type "RAMB16".  This attribute will be ignored.
WARNING:NgdBuild:486 - Attribute "INIT_FILE" is not allowed on symbol
   "DDR3_SDRAM/mpmc_core_0/gen_paths.mpmc_data_path_0/gen_read_fifos[1].gen_fifo
   s.mpmc_read_fifo_0/gen_fifos_bram.mpmc_bram_fifo_0/gen_brams_normal.gen_v4.ge
   n_brams[0].bram" of type "RAMB16".  This attribute will be ignored.
WARNING:NgdBuild:486 - Attribute "INIT_FILE" is not allowed on symbol
   "DDR3_SDRAM/mpmc_core_0/gen_paths.mpmc_data_path_0/gen_read_fifos[2].gen_fifo
   s.mpmc_read_fifo_0/gen_fifos_bram.mpmc_bram_fifo_0/gen_brams_normal.gen_v4.ge
   n_brams[3].bram" of type "RAMB16".  This attribute will be ignored.
WARNING:NgdBuild:486 - Attribute "INIT_FILE" is not allowed on symbol
   "DDR3_SDRAM/mpmc_core_0/gen_paths.mpmc_data_path_0/gen_read_fifos[2].gen_fifo
   s.mpmc_read_fifo_0/gen_fifos_bram.mpmc_bram_fifo_0/gen_brams_normal.gen_v4.ge
   n_brams[2].bram" of type "RAMB16".  This attribute will be ignored.
WARNING:NgdBuild:486 - Attribute "INIT_FILE" is not allowed on symbol
   "DDR3_SDRAM/mpmc_core_0/gen_paths.mpmc_data_path_0/gen_read_fifos[2].gen_fifo
   s.mpmc_read_fifo_0/gen_fifos_bram.mpmc_bram_fifo_0/gen_brams_normal.gen_v4.ge
   n_brams[1].bram" of type "RAMB16".  This attribute will be ignored.
WARNING:NgdBuild:486 - Attribute "INIT_FILE" is not allowed on symbol
   "DDR3_SDRAM/mpmc_core_0/gen_paths.mpmc_data_path_0/gen_read_fifos[2].gen_fifo
   s.mpmc_read_fifo_0/gen_fifos_bram.mpmc_bram_fifo_0/gen_brams_normal.gen_v4.ge
   n_brams[0].bram" of type "RAMB16".  This attribute will be ignored.
WARNING:NgdBuild:486 - Attribute "INIT_FILE" is not allowed on symbol
   "DDR3_SDRAM/mpmc_core_0/gen_paths.mpmc_data_path_0/gen_write_fifos[0].gen_fif
   os.mpmc_write_fifo_0/gen_fifo_bram.mpmc_bram_fifo_0/gen_brams_normal.gen_v4.g
   en_brams[3].bram" of type "RAMB16".  This attribute will be ignored.
WARNING:NgdBuild:486 - Attribute "INIT_FILE" is not allowed on symbol
   "DDR3_SDRAM/mpmc_core_0/gen_paths.mpmc_data_path_0/gen_write_fifos[0].gen_fif
   os.mpmc_write_fifo_0/gen_fifo_bram.mpmc_bram_fifo_0/gen_brams_normal.gen_v4.g
   en_brams[2].bram" of type "RAMB16".  This attribute will be ignored.
WARNING:NgdBuild:486 - Attribute "INIT_FILE" is not allowed on symbol
   "DDR3_SDRAM/mpmc_core_0/gen_paths.mpmc_data_path_0/gen_write_fifos[0].gen_fif
   os.mpmc_write_fifo_0/gen_fifo_bram.mpmc_bram_fifo_0/gen_brams_normal.gen_v4.g
   en_brams[1].bram" of type "RAMB16".  This attribute will be ignored.
WARNING:NgdBuild:486 - Attribute "INIT_FILE" is not allowed on symbol
   "DDR3_SDRAM/mpmc_core_0/gen_paths.mpmc_data_path_0/gen_write_fifos[0].gen_fif
   os.mpmc_write_fifo_0/gen_fifo_bram.mpmc_bram_fifo_0/gen_brams_normal.gen_v4.g
   en_brams[0].bram" of type "RAMB16".  This attribute will be ignored.
WARNING:NgdBuild:486 - Attribute "INIT_FILE" is not allowed on symbol
   "DDR3_SDRAM/mpmc_core_0/gen_paths.mpmc_data_path_0/gen_write_fifos[2].gen_fif
   os.mpmc_write_fifo_0/gen_fifo_bram.mpmc_bram_fifo_0/gen_brams_normal.gen_v4.g
   en_brams[3].bram" of type "RAMB16".  This attribute will be ignored.
WARNING:NgdBuild:486 - Attribute "INIT_FILE" is not allowed on symbol
   "DDR3_SDRAM/mpmc_core_0/gen_paths.mpmc_data_path_0/gen_write_fifos[2].gen_fif
   os.mpmc_write_fifo_0/gen_fifo_bram.mpmc_bram_fifo_0/gen_brams_normal.gen_v4.g
   en_brams[2].bram" of type "RAMB16".  This attribute will be ignored.
WARNING:NgdBuild:486 - Attribute "INIT_FILE" is not allowed on symbol
   "DDR3_SDRAM/mpmc_core_0/gen_paths.mpmc_data_path_0/gen_write_fifos[2].gen_fif
   os.mpmc_write_fifo_0/gen_fifo_bram.mpmc_bram_fifo_0/gen_brams_normal.gen_v4.g
   en_brams[1].bram" of type "RAMB16".  This attribute will be ignored.
WARNING:NgdBuild:486 - Attribute "INIT_FILE" is not allowed on symbol
   "DDR3_SDRAM/mpmc_core_0/gen_paths.mpmc_data_path_0/gen_write_fifos[2].gen_fif
   os.mpmc_write_fifo_0/gen_fifo_bram.mpmc_bram_fifo_0/gen_brams_normal.gen_v4.g
   en_brams[0].bram" of type "RAMB16".  This attribute will be ignored.
WARNING:NgdBuild:443 - SFF primitive
   'xps_timer_0/xps_timer_0/TC_CORE_I/TIMER_CONTROL_I/TCSR1_GENERATE[20].TCSR1_F
   F_I' has unconnected output pin
WARNING:NgdBuild:443 - SFF primitive
   'xps_timer_0/xps_timer_0/TC_CORE_I/TIMER_CONTROL_I/TCSR1_GENERATE[19].TCSR1_F
   F_I' has unconnected output pin
WARNING:NgdBuild:443 - SFF primitive
   'xps_timer_0/xps_timer_0/TC_CORE_I/TIMER_CONTROL_I/TCSR1_GENERATE[18].TCSR1_F
   F_I' has unconnected output pin
WARNING:NgdBuild:443 - SFF primitive
   'xps_timer_0/xps_timer_0/TC_CORE_I/TIMER_CONTROL_I/TCSR1_GENERATE[17].TCSR1_F
   F_I' has unconnected output pin
WARNING:NgdBuild:443 - SFF primitive
   'xps_timer_0/xps_timer_0/TC_CORE_I/TIMER_CONTROL_I/TCSR1_GENERATE[16].TCSR1_F
   F_I' has unconnected output pin
WARNING:NgdBuild:443 - SFF primitive
   'xps_timer_0/xps_timer_0/TC_CORE_I/TIMER_CONTROL_I/TCSR1_GENERATE[15].TCSR1_F
   F_I' has unconnected output pin
WARNING:NgdBuild:443 - SFF primitive
   'xps_timer_0/xps_timer_0/TC_CORE_I/TIMER_CONTROL_I/TCSR1_GENERATE[14].TCSR1_F
   F_I' has unconnected output pin
WARNING:NgdBuild:443 - SFF primitive
   'xps_timer_0/xps_timer_0/TC_CORE_I/TIMER_CONTROL_I/TCSR1_GENERATE[13].TCSR1_F
   F_I' has unconnected output pin
WARNING:NgdBuild:443 - SFF primitive
   'xps_timer_0/xps_timer_0/TC_CORE_I/TIMER_CONTROL_I/TCSR1_GENERATE[12].TCSR1_F
   F_I' has unconnected output pin
WARNING:NgdBuild:443 - SFF primitive
   'xps_timer_0/xps_timer_0/TC_CORE_I/TIMER_CONTROL_I/TCSR1_GENERATE[11].TCSR1_F
   F_I' has unconnected output pin
WARNING:NgdBuild:443 - SFF primitive
   'xps_timer_0/xps_timer_0/TC_CORE_I/TIMER_CONTROL_I/TCSR1_GENERATE[10].TCSR1_F
   F_I' has unconnected output pin
WARNING:NgdBuild:443 - SFF primitive
   'xps_timer_0/xps_timer_0/TC_CORE_I/TIMER_CONTROL_I/TCSR1_GENERATE[9].TCSR1_FF
   _I' has unconnected output pin
WARNING:NgdBuild:443 - SFF primitive
   'xps_timer_0/xps_timer_0/TC_CORE_I/TIMER_CONTROL_I/TCSR1_GENERATE[8].TCSR1_FF
   _I' has unconnected output pin
WARNING:NgdBuild:443 - SFF primitive
   'xps_timer_0/xps_timer_0/TC_CORE_I/TIMER_CONTROL_I/TCSR1_GENERATE[7].TCSR1_FF
   _I' has unconnected output pin
WARNING:NgdBuild:443 - SFF primitive
   'xps_timer_0/xps_timer_0/TC_CORE_I/TIMER_CONTROL_I/TCSR1_GENERATE[6].TCSR1_FF
   _I' has unconnected output pin
WARNING:NgdBuild:443 - SFF primitive
   'xps_timer_0/xps_timer_0/TC_CORE_I/TIMER_CONTROL_I/TCSR1_GENERATE[5].TCSR1_FF
   _I' has unconnected output pin
WARNING:NgdBuild:443 - SFF primitive
   'xps_timer_0/xps_timer_0/TC_CORE_I/TIMER_CONTROL_I/TCSR1_GENERATE[4].TCSR1_FF
   _I' has unconnected output pin
WARNING:NgdBuild:443 - SFF primitive
   'xps_timer_0/xps_timer_0/TC_CORE_I/TIMER_CONTROL_I/TCSR1_GENERATE[3].TCSR1_FF
   _I' has unconnected output pin
WARNING:NgdBuild:443 - SFF primitive
   'xps_timer_0/xps_timer_0/TC_CORE_I/TIMER_CONTROL_I/TCSR1_GENERATE[2].TCSR1_FF
   _I' has unconnected output pin
WARNING:NgdBuild:443 - SFF primitive
   'xps_timer_0/xps_timer_0/TC_CORE_I/TIMER_CONTROL_I/TCSR1_GENERATE[1].TCSR1_FF
   _I' has unconnected output pin
WARNING:NgdBuild:443 - SFF primitive
   'xps_timer_0/xps_timer_0/TC_CORE_I/TIMER_CONTROL_I/TCSR1_GENERATE[0].TCSR1_FF
   _I' has unconnected output pin
WARNING:NgdBuild:443 - SFF primitive
   'xps_timer_0/xps_timer_0/TC_CORE_I/TIMER_CONTROL_I/TCSR0_GENERATE[20].TCSR0_F
   F_I' has unconnected output pin
WARNING:NgdBuild:443 - SFF primitive
   'xps_timer_0/xps_timer_0/TC_CORE_I/TIMER_CONTROL_I/TCSR0_GENERATE[19].TCSR0_F
   F_I' has unconnected output pin
WARNING:NgdBuild:443 - SFF primitive
   'xps_timer_0/xps_timer_0/TC_CORE_I/TIMER_CONTROL_I/TCSR0_GENERATE[18].TCSR0_F
   F_I' has unconnected output pin
WARNING:NgdBuild:443 - SFF primitive
   'xps_timer_0/xps_timer_0/TC_CORE_I/TIMER_CONTROL_I/TCSR0_GENERATE[17].TCSR0_F
   F_I' has unconnected output pin
WARNING:NgdBuild:443 - SFF primitive
   'xps_timer_0/xps_timer_0/TC_CORE_I/TIMER_CONTROL_I/TCSR0_GENERATE[16].TCSR0_F
   F_I' has unconnected output pin
WARNING:NgdBuild:443 - SFF primitive
   'xps_timer_0/xps_timer_0/TC_CORE_I/TIMER_CONTROL_I/TCSR0_GENERATE[15].TCSR0_F
   F_I' has unconnected output pin
WARNING:NgdBuild:443 - SFF primitive
   'xps_timer_0/xps_timer_0/TC_CORE_I/TIMER_CONTROL_I/TCSR0_GENERATE[14].TCSR0_F
   F_I' has unconnected output pin
WARNING:NgdBuild:443 - SFF primitive
   'xps_timer_0/xps_timer_0/TC_CORE_I/TIMER_CONTROL_I/TCSR0_GENERATE[13].TCSR0_F
   F_I' has unconnected output pin
WARNING:NgdBuild:443 - SFF primitive
   'xps_timer_0/xps_timer_0/TC_CORE_I/TIMER_CONTROL_I/TCSR0_GENERATE[12].TCSR0_F
   F_I' has unconnected output pin
WARNING:NgdBuild:443 - SFF primitive
   'xps_timer_0/xps_timer_0/TC_CORE_I/TIMER_CONTROL_I/TCSR0_GENERATE[11].TCSR0_F
   F_I' has unconnected output pin
WARNING:NgdBuild:443 - SFF primitive
   'xps_timer_0/xps_timer_0/TC_CORE_I/TIMER_CONTROL_I/TCSR0_GENERATE[10].TCSR0_F
   F_I' has unconnected output pin
WARNING:NgdBuild:443 - SFF primitive
   'xps_timer_0/xps_timer_0/TC_CORE_I/TIMER_CONTROL_I/TCSR0_GENERATE[9].TCSR0_FF
   _I' has unconnected output pin
WARNING:NgdBuild:443 - SFF primitive
   'xps_timer_0/xps_timer_0/TC_CORE_I/TIMER_CONTROL_I/TCSR0_GENERATE[8].TCSR0_FF
   _I' has unconnected output pin
WARNING:NgdBuild:443 - SFF primitive
   'xps_timer_0/xps_timer_0/TC_CORE_I/TIMER_CONTROL_I/TCSR0_GENERATE[7].TCSR0_FF
   _I' has unconnected output pin
WARNING:NgdBuild:443 - SFF primitive
   'xps_timer_0/xps_timer_0/TC_CORE_I/TIMER_CONTROL_I/TCSR0_GENERATE[6].TCSR0_FF
   _I' has unconnected output pin
WARNING:NgdBuild:443 - SFF primitive
   'xps_timer_0/xps_timer_0/TC_CORE_I/TIMER_CONTROL_I/TCSR0_GENERATE[5].TCSR0_FF
   _I' has unconnected output pin
WARNING:NgdBuild:443 - SFF primitive
   'xps_timer_0/xps_timer_0/TC_CORE_I/TIMER_CONTROL_I/TCSR0_GENERATE[4].TCSR0_FF
   _I' has unconnected output pin
WARNING:NgdBuild:443 - SFF primitive
   'xps_timer_0/xps_timer_0/TC_CORE_I/TIMER_CONTROL_I/TCSR0_GENERATE[3].TCSR0_FF
   _I' has unconnected output pin
WARNING:NgdBuild:443 - SFF primitive
   'xps_timer_0/xps_timer_0/TC_CORE_I/TIMER_CONTROL_I/TCSR0_GENERATE[2].TCSR0_FF
   _I' has unconnected output pin
WARNING:NgdBuild:443 - SFF primitive
   'xps_timer_0/xps_timer_0/TC_CORE_I/TIMER_CONTROL_I/TCSR0_GENERATE[1].TCSR0_FF
   _I' has unconnected output pin
WARNING:NgdBuild:443 - SFF primitive
   'xps_timer_0/xps_timer_0/TC_CORE_I/TIMER_CONTROL_I/TCSR0_GENERATE[0].TCSR0_FF
   _I' has unconnected output pin
WARNING:NgdBuild:443 - SFF primitive
   'osif_0/osif_0/PLBV46_MASTER_BURST_I/I_RD_WR_CONTROL/I_RDSOP_REG' has
   unconnected output pin
WARNING:NgdBuild:443 - SFF primitive
   'osif_0/osif_0/PLBV46_MASTER_BURST_I/I_RD_WR_CONTROL/I_WRERR_REG' has
   unconnected output pin
WARNING:NgdBuild:443 - SFF primitive
   'osif_0/osif_0/PLBV46_MASTER_BURST_I/I_RD_WR_CONTROL/I_RDERR_REG' has
   unconnected output pin
WARNING:NgdBuild:452 - logical net 'N58' has no driver
WARNING:NgdBuild:452 - logical net 'N59' has no driver
WARNING:NgdBuild:452 - logical net 'N60' has no driver
WARNING:NgdBuild:452 - logical net 'N61' has no driver
WARNING:NgdBuild:452 - logical net 'N62' has no driver
WARNING:NgdBuild:452 - logical net 'N63' has no driver
WARNING:NgdBuild:452 - logical net 'N64' has no driver
WARNING:NgdBuild:452 - logical net 'N65' has no driver
WARNING:NgdBuild:452 - logical net 'N66' has no driver
WARNING:NgdBuild:452 - logical net 'N67' has no driver
WARNING:NgdBuild:452 - logical net 'N68' has no driver
WARNING:NgdBuild:452 - logical net 'N69' has no driver
WARNING:NgdBuild:452 - logical net 'N70' has no driver
WARNING:NgdBuild:452 - logical net 'N71' has no driver
WARNING:NgdBuild:452 - logical net 'N72' has no driver
WARNING:NgdBuild:452 - logical net 'N73' has no driver
WARNING:NgdBuild:452 - logical net 'N74' has no driver
WARNING:NgdBuild:452 - logical net 'N75' has no driver
WARNING:NgdBuild:452 - logical net 'N76' has no driver
WARNING:NgdBuild:452 - logical net 'N77' has no driver
WARNING:NgdBuild:452 - logical net 'N78' has no driver
WARNING:NgdBuild:452 - logical net 'N79' has no driver
WARNING:NgdBuild:452 - logical net 'N80' has no driver
WARNING:NgdBuild:452 - logical net 'N81' has no driver
WARNING:NgdBuild:452 - logical net 'N82' has no driver
WARNING:NgdBuild:452 - logical net 'N83' has no driver
WARNING:NgdBuild:452 - logical net 'N84' has no driver
WARNING:NgdBuild:452 - logical net 'N85' has no driver
WARNING:NgdBuild:452 - logical net 'N86' has no driver
WARNING:NgdBuild:452 - logical net 'N87' has no driver
WARNING:NgdBuild:452 - logical net 'N88' has no driver
WARNING:NgdBuild:452 - logical net 'N89' has no driver
WARNING:NgdBuild:452 - logical net 'N90' has no driver
WARNING:NgdBuild:452 - logical net 'N91' has no driver
WARNING:NgdBuild:452 - logical net 'N92' has no driver
WARNING:NgdBuild:452 - logical net 'N93' has no driver
WARNING:NgdBuild:452 - logical net 'N94' has no driver
WARNING:NgdBuild:452 - logical net 'N95' has no driver
WARNING:NgdBuild:452 - logical net 'N96' has no driver
WARNING:NgdBuild:452 - logical net 'N97' has no driver

Partition Implementation Status
-------------------------------

  No Partitions were found in this design.

-------------------------------

NGDBUILD Design Results Summary:
  Number of errors:     0
  Number of warnings: 105

Writing NGD file "system.ngd" ...
Total REAL time to NGDBUILD completion:  26 sec
Total CPU time to NGDBUILD completion:   26 sec

Writing NGDBUILD log file "system.bld"...

NGDBUILD done.



#----------------------------------------------#
# Starting program map
# map -o system_map.ncd -w -pr b -ol high -timing -detail system.ngd system.pcf 
#----------------------------------------------#
Release 12.3 - Map M.70d (lin64)
Copyright (c) 1995-2010 Xilinx, Inc.  All rights reserved.
PMSPEC -- Overriding Xilinx file
</opt/Xilinx/12.3/ISE_DS/EDK/data/Xdh_PrimTypeLib.xda> with local file
</opt/Xilinx/12.3/ISE_DS/ISE/data/Xdh_PrimTypeLib.xda>
Using target part "6vlx240tff1156-1".
vvvvvvvvvvvvvvvvvvvvvvvvvvvvvvvvvvvvvvvvvvvvvvvvvvvvvvvvvvvvvvvvvvvvvv
INFO:Security:50 - The XILINXD_LICENSE_FILE environment variable is set to
'8181@lunghin.ee.ethz.ch'.
INFO:Security:52 - The LM_LICENSE_FILE environment variable is set to
'81861@lunghin.ee.ethz.ch'.
INFO:Security:56 - Part 'xc6vlx240t' is not a WebPack part.
WARNING:Security:43 - No license file was found in the standard Xilinx license
directory.
WARNING:Security:44 - No license file was found.
       Please run the Xilinx License Configuration Manager
       (xlcm or "Manage Xilinx Licenses")
       to assist in obtaining a license.
WARNING:Security:42 - Your license support version '2011.12' for ISE expires in
15 days after which you will not qualify for Xilinx software updates or new
releases.
----------------------------------------------------------------------
Mapping design into LUTs...
Writing file system_map.ngm...
Running directed packing...
Running delay-based LUT packing...
Updating timing models...
INFO:Map:215 - The Interim Design Summary has been generated in the MAP Report
   (.mrp).
Running timing-driven placement...
Total REAL time at the beginning of Placer: 1 mins 33 secs 
Total CPU  time at the beginning of Placer: 1 mins 33 secs 

Phase 1.1  Initial Placement Analysis
Phase 1.1  Initial Placement Analysis (Checksum:6257078a) REAL time: 1 mins 52 secs 

Phase 2.7  Design Feasibility Check
Phase 2.7  Design Feasibility Check (Checksum:6257078a) REAL time: 1 mins 54 secs 

Phase 3.31  Local Placement Optimization
Phase 3.31  Local Placement Optimization (Checksum:db28661) REAL time: 1 mins 54 secs 

Phase 4.37  Local Placement Optimization
Phase 4.37  Local Placement Optimization (Checksum:db28661) REAL time: 1 mins 54 secs 

Phase 5.2  Initial Placement for Architecture Specific Features

.....


There are 12 clock regions on the target FPGA device:
|------------------------------------------|------------------------------------------|
| CLOCKREGION_X0Y5:                        | CLOCKREGION_X1Y5:                        |
|   4 BUFRs available, 0 in use            |   2 BUFRs available, 0 in use            |
|   6 Regional Clock Spines, 0 in use      |   6 Regional Clock Spines, 0 in use      |
|   4 edge BUFIOs available, 0 in use      |   0 edge BUFIOs available, 0 in use      |
|   4 center BUFIOs available, 0 in use    |   4 center BUFIOs available, 0 in use    |
|                                          |                                          |
|------------------------------------------|------------------------------------------|
| CLOCKREGION_X0Y4:                        | CLOCKREGION_X1Y4:                        |
|   4 BUFRs available, 0 in use            |   2 BUFRs available, 0 in use            |
|   6 Regional Clock Spines, 1 in use      |   6 Regional Clock Spines, 1 in use      |
|   4 edge BUFIOs available, 0 in use      |   0 edge BUFIOs available, 0 in use      |
|   4 center BUFIOs available, 0 in use    |   4 center BUFIOs available, 0 in use    |
|                                          |                                          |
|------------------------------------------|------------------------------------------|
| CLOCKREGION_X0Y3:                        | CLOCKREGION_X1Y3:                        |
|   4 BUFRs available, 1 in use            |   2 BUFRs available, 1 in use            |
|   6 Regional Clock Spines, 1 in use      |   6 Regional Clock Spines, 1 in use      |
|   4 edge BUFIOs available, 0 in use      |   0 edge BUFIOs available, 0 in use      |
|   4 center BUFIOs available, 1 in use    |   4 center BUFIOs available, 3 in use    |
|                                          |                                          |
|------------------------------------------|------------------------------------------|
| CLOCKREGION_X0Y2:                        | CLOCKREGION_X1Y2:                        |
|   4 BUFRs available, 0 in use            |   2 BUFRs available, 0 in use            |
|   6 Regional Clock Spines, 1 in use      |   6 Regional Clock Spines, 1 in use      |
|   4 edge BUFIOs available, 0 in use      |   0 edge BUFIOs available, 0 in use      |
|   4 center BUFIOs available, 0 in use    |   4 center BUFIOs available, 0 in use    |
|                                          |                                          |
|------------------------------------------|------------------------------------------|
| CLOCKREGION_X0Y1:                        | CLOCKREGION_X1Y1:                        |
|   4 BUFRs available, 0 in use            |   2 BUFRs available, 0 in use            |
|   6 Regional Clock Spines, 0 in use      |   6 Regional Clock Spines, 0 in use      |
|   4 edge BUFIOs available, 0 in use      |   0 edge BUFIOs available, 0 in use      |
|   4 center BUFIOs available, 0 in use    |   4 center BUFIOs available, 0 in use    |
|                                          |                                          |
|------------------------------------------|------------------------------------------|
| CLOCKREGION_X0Y0:                        | CLOCKREGION_X1Y0:                        |
|   4 BUFRs available, 0 in use            |   2 BUFRs available, 0 in use            |
|   6 Regional Clock Spines, 0 in use      |   6 Regional Clock Spines, 0 in use      |
|   4 edge BUFIOs available, 0 in use      |   0 edge BUFIOs available, 0 in use      |
|   4 center BUFIOs available, 0 in use    |   4 center BUFIOs available, 0 in use    |
|                                          |                                          |
|------------------------------------------|------------------------------------------|


Clock-Region: <CLOCKREGION_X0Y3>
  key resource utilizations (used/available): edge-bufios - 0/4; center-bufios - 1/4; bufrs - 1/4; regional-clock-spines - 1/6
|-----------------------------------------------------------------------------------------------------------------------------------------------------------
|       |    clock    | BRAM |     |    |        |        |       |       |       |      |      |     |      |
|       |    region   | FIFO | DCM | GT | ILOGIC | OLOGIC |   FF  |  LUTM |  LUTL | MULT | EMAC | PPC | PCIe | <- (Types of Resources in Clock Region)
|-------|-------------|------|-----|----|--------|--------|-------|-------|-------|------|------|-----|------|----------------------------------------------
|       | Upper Region|  96  |  0  |  0 |   80   |   80   | 26880 |  9600 | 17280 |  64  |   0  |  0  |   0  | <- Available resources in the upper region
|-------|-------------|------|-----|----|--------|--------|-------|-------|-------|------|------|-----|------|----------------------------------------------
|       |CurrentRegion|  96  |  0  |  0 |   80   |   80   | 23040 |  9600 | 13440 |  64  |   0  |  0  |   0  | <- Available resources in the current region
|-------|-------------|------|-----|----|--------|--------|-------|-------|-------|------|------|-----|------|----------------------------------------------
|       | Lower Region|  96  |  0  |  0 |   80   |   80   | 23040 |  9600 | 13440 |  64  |   0  |  0  |   0  | <- Available resources in the lower region
|-------|-------------|------|-----|----|--------|--------|-------|-------|-------|------|------|-----|------|----------------------------------------------
| clock |    region   |                                                                                      -----------------------------------------------
|  type |  expansion  |                                                                                      | <IO/Regional clock Net Name>
|-------|-------------|------|-----|----|--------|--------|-------|-------|-------|------|------|-----|------|----------------------------------------------
| BUFIO |             |   0  |  0  |  0 |    8   |    0   |     0 |     0 |     0 |   0  |   0  |  0  |   0  | "DDR3_SDRAM/DDR3_SDRAM/mpmc_core_0/gen_v6_ddr3_phy.mpmc_phy_if_0/clk_cpt<3>"
|-------|-------------|------|-----|----|--------|--------|-------|-------|-------|------|------|-----|------|----------------------------------------------
|  BUFR | Upper/Lower |   0  |  0  |  0 |    8   |    0   |   210 |     8 |     0 |   0  |   0  |  0  |   0  | "DDR3_SDRAM/DDR3_SDRAM/mpmc_core_0/gen_v6_ddr3_phy.mpmc_phy_if_0/clk_rsync<1>"
|-------|-------------|------|-----|----|--------|--------|-------|-------|-------|------|------|-----|------|----------------------------------------------


Clock-Region: <CLOCKREGION_X1Y3>
  key resource utilizations (used/available): edge-bufios - 0/0; center-bufios - 3/4; bufrs - 1/2; regional-clock-spines - 1/6
|-----------------------------------------------------------------------------------------------------------------------------------------------------------
|       |    clock    | BRAM |     |    |        |        |       |       |       |      |      |     |      |
|       |    region   | FIFO | DCM | GT | ILOGIC | OLOGIC |   FF  |  LUTM |  LUTL | MULT | EMAC | PPC | PCIe | <- (Types of Resources in Clock Region)
|-------|-------------|------|-----|----|--------|--------|-------|-------|-------|------|------|-----|------|----------------------------------------------
|       | Upper Region| 108  |  0  |  0 |   40   |   40   | 24960 |  9920 | 15040 |  64  |   2  |  0  |   0  | <- Available resources in the upper region
|-------|-------------|------|-----|----|--------|--------|-------|-------|-------|------|------|-----|------|----------------------------------------------
|       |CurrentRegion| 108  |  0  |  0 |   40   |   40   | 24000 |  9760 | 14240 |  64  |   0  |  0  |   1  | <- Available resources in the current region
|-------|-------------|------|-----|----|--------|--------|-------|-------|-------|------|------|-----|------|----------------------------------------------
|       | Lower Region| 108  |  0  |  0 |   40   |   40   | 24960 |  9920 | 15040 |  64  |   2  |  0  |   0  | <- Available resources in the lower region
|-------|-------------|------|-----|----|--------|--------|-------|-------|-------|------|------|-----|------|----------------------------------------------
| clock |    region   |                                                                                      -----------------------------------------------
|  type |  expansion  |                                                                                      | <IO/Regional clock Net Name>
|-------|-------------|------|-----|----|--------|--------|-------|-------|-------|------|------|-----|------|----------------------------------------------
| BUFIO |             |   0  |  0  |  0 |    8   |    0   |     0 |     0 |     0 |   0  |   0  |  0  |   0  | "DDR3_SDRAM/DDR3_SDRAM/mpmc_core_0/gen_v6_ddr3_phy.mpmc_phy_if_0/clk_cpt<2>"
|-------|-------------|------|-----|----|--------|--------|-------|-------|-------|------|------|-----|------|----------------------------------------------
| BUFIO |             |   0  |  0  |  0 |    9   |    0   |     0 |     0 |     0 |   0  |   0  |  0  |   0  | "DDR3_SDRAM/DDR3_SDRAM/mpmc_core_0/gen_v6_ddr3_phy.mpmc_phy_if_0/clk_cpt<0>"
|-------|-------------|------|-----|----|--------|--------|-------|-------|-------|------|------|-----|------|----------------------------------------------
| BUFIO |             |   0  |  0  |  0 |    8   |    0   |     0 |     0 |     0 |   0  |   0  |  0  |   0  | "DDR3_SDRAM/DDR3_SDRAM/mpmc_core_0/gen_v6_ddr3_phy.mpmc_phy_if_0/clk_cpt<1>"
|-------|-------------|------|-----|----|--------|--------|-------|-------|-------|------|------|-----|------|----------------------------------------------
|  BUFR | Upper/Lower |   0  |  0  |  0 |   25   |    0   |   641 |    25 |     0 |   0  |   0  |  0  |   0  | "DDR3_SDRAM/DDR3_SDRAM/mpmc_core_0/gen_v6_ddr3_phy.mpmc_phy_if_0/clk_rsync<0>"
|-------|-------------|------|-----|----|--------|--------|-------|-------|-------|------|------|-----|------|----------------------------------------------




######################################################################################
# REGIONAL CLOCKING RESOURCE DISTRIBUTION UCF REPORT:
#
# Number of Regional Clocking Regions in the device: 12  (6 clock spines in each)
# Number of Regional Clock Networks used in this design: 7 (each network can be
# composed of up to 3 clock spines and cover up to 3 regional clock regions)
# 
######################################################################################

# IO-Clock "DDR3_SDRAM/DDR3_SDRAM/mpmc_core_0/gen_v6_ddr3_phy.mpmc_phy_if_0/clk_cpt<3>" driven by "BUFIODQS_X1Y12"
INST
"DDR3_SDRAM/DDR3_SDRAM/mpmc_core_0/gen_v6_ddr3_phy.mpmc_phy_if_0/u_phy_read/u_phy_rdclk_gen/gen_ck_cpt[3].u_bufio_cpt"
LOC = "BUFIODQS_X1Y12" ;
NET "DDR3_SDRAM/DDR3_SDRAM/mpmc_core_0/gen_v6_ddr3_phy.mpmc_phy_if_0/clk_cpt<3>" TNM_NET =
"TN_DDR3_SDRAM/DDR3_SDRAM/mpmc_core_0/gen_v6_ddr3_phy.mpmc_phy_if_0/clk_cpt<3>" ;
TIMEGRP "TN_DDR3_SDRAM/DDR3_SDRAM/mpmc_core_0/gen_v6_ddr3_phy.mpmc_phy_if_0/clk_cpt<3>" AREA_GROUP =
"CLKAG_DDR3_SDRAM/DDR3_SDRAM/mpmc_core_0/gen_v6_ddr3_phy.mpmc_phy_if_0/clk_cpt<3>" ;
AREA_GROUP "CLKAG_DDR3_SDRAM/DDR3_SDRAM/mpmc_core_0/gen_v6_ddr3_phy.mpmc_phy_if_0/clk_cpt<3>" RANGE = CLOCKREGION_X0Y3;


# IO-Clock "DDR3_SDRAM/DDR3_SDRAM/mpmc_core_0/gen_v6_ddr3_phy.mpmc_phy_if_0/clk_cpt<2>" driven by "BUFIODQS_X2Y15"
INST
"DDR3_SDRAM/DDR3_SDRAM/mpmc_core_0/gen_v6_ddr3_phy.mpmc_phy_if_0/u_phy_read/u_phy_rdclk_gen/gen_ck_cpt[2].u_bufio_cpt"
LOC = "BUFIODQS_X2Y15" ;
NET "DDR3_SDRAM/DDR3_SDRAM/mpmc_core_0/gen_v6_ddr3_phy.mpmc_phy_if_0/clk_cpt<2>" TNM_NET =
"TN_DDR3_SDRAM/DDR3_SDRAM/mpmc_core_0/gen_v6_ddr3_phy.mpmc_phy_if_0/clk_cpt<2>" ;
TIMEGRP "TN_DDR3_SDRAM/DDR3_SDRAM/mpmc_core_0/gen_v6_ddr3_phy.mpmc_phy_if_0/clk_cpt<2>" AREA_GROUP =
"CLKAG_DDR3_SDRAM/DDR3_SDRAM/mpmc_core_0/gen_v6_ddr3_phy.mpmc_phy_if_0/clk_cpt<2>" ;
AREA_GROUP "CLKAG_DDR3_SDRAM/DDR3_SDRAM/mpmc_core_0/gen_v6_ddr3_phy.mpmc_phy_if_0/clk_cpt<2>" RANGE = CLOCKREGION_X1Y3;


# IO-Clock "DDR3_SDRAM/DDR3_SDRAM/mpmc_core_0/gen_v6_ddr3_phy.mpmc_phy_if_0/clk_cpt<0>" driven by "BUFIODQS_X2Y12"
INST
"DDR3_SDRAM/DDR3_SDRAM/mpmc_core_0/gen_v6_ddr3_phy.mpmc_phy_if_0/u_phy_read/u_phy_rdclk_gen/gen_ck_cpt[0].u_bufio_cpt"
LOC = "BUFIODQS_X2Y12" ;
NET "DDR3_SDRAM/DDR3_SDRAM/mpmc_core_0/gen_v6_ddr3_phy.mpmc_phy_if_0/clk_cpt<0>" TNM_NET =
"TN_DDR3_SDRAM/DDR3_SDRAM/mpmc_core_0/gen_v6_ddr3_phy.mpmc_phy_if_0/clk_cpt<0>" ;
TIMEGRP "TN_DDR3_SDRAM/DDR3_SDRAM/mpmc_core_0/gen_v6_ddr3_phy.mpmc_phy_if_0/clk_cpt<0>" AREA_GROUP =
"CLKAG_DDR3_SDRAM/DDR3_SDRAM/mpmc_core_0/gen_v6_ddr3_phy.mpmc_phy_if_0/clk_cpt<0>" ;
AREA_GROUP "CLKAG_DDR3_SDRAM/DDR3_SDRAM/mpmc_core_0/gen_v6_ddr3_phy.mpmc_phy_if_0/clk_cpt<0>" RANGE = CLOCKREGION_X1Y3;


# IO-Clock "DDR3_SDRAM/DDR3_SDRAM/mpmc_core_0/gen_v6_ddr3_phy.mpmc_phy_if_0/clk_cpt<1>" driven by "BUFIODQS_X2Y14"
INST
"DDR3_SDRAM/DDR3_SDRAM/mpmc_core_0/gen_v6_ddr3_phy.mpmc_phy_if_0/u_phy_read/u_phy_rdclk_gen/gen_ck_cpt[1].u_bufio_cpt"
LOC = "BUFIODQS_X2Y14" ;
NET "DDR3_SDRAM/DDR3_SDRAM/mpmc_core_0/gen_v6_ddr3_phy.mpmc_phy_if_0/clk_cpt<1>" TNM_NET =
"TN_DDR3_SDRAM/DDR3_SDRAM/mpmc_core_0/gen_v6_ddr3_phy.mpmc_phy_if_0/clk_cpt<1>" ;
TIMEGRP "TN_DDR3_SDRAM/DDR3_SDRAM/mpmc_core_0/gen_v6_ddr3_phy.mpmc_phy_if_0/clk_cpt<1>" AREA_GROUP =
"CLKAG_DDR3_SDRAM/DDR3_SDRAM/mpmc_core_0/gen_v6_ddr3_phy.mpmc_phy_if_0/clk_cpt<1>" ;
AREA_GROUP "CLKAG_DDR3_SDRAM/DDR3_SDRAM/mpmc_core_0/gen_v6_ddr3_phy.mpmc_phy_if_0/clk_cpt<1>" RANGE = CLOCKREGION_X1Y3;


# Regional-Clock "DDR3_SDRAM/DDR3_SDRAM/mpmc_core_0/gen_v6_ddr3_phy.mpmc_phy_if_0/clk_rsync<1>" driven by "BUFR_X1Y6"
INST
"DDR3_SDRAM/DDR3_SDRAM/mpmc_core_0/gen_v6_ddr3_phy.mpmc_phy_if_0/u_phy_read/u_phy_rdclk_gen/gen_loop_col1.u_bufr_rsync"
LOC = "BUFR_X1Y6" ;
NET "DDR3_SDRAM/DDR3_SDRAM/mpmc_core_0/gen_v6_ddr3_phy.mpmc_phy_if_0/clk_rsync<1>" TNM_NET =
"TN_DDR3_SDRAM/DDR3_SDRAM/mpmc_core_0/gen_v6_ddr3_phy.mpmc_phy_if_0/clk_rsync<1>" ;
TIMEGRP "TN_DDR3_SDRAM/DDR3_SDRAM/mpmc_core_0/gen_v6_ddr3_phy.mpmc_phy_if_0/clk_rsync<1>" AREA_GROUP =
"CLKAG_DDR3_SDRAM/DDR3_SDRAM/mpmc_core_0/gen_v6_ddr3_phy.mpmc_phy_if_0/clk_rsync<1>" ;
AREA_GROUP "CLKAG_DDR3_SDRAM/DDR3_SDRAM/mpmc_core_0/gen_v6_ddr3_phy.mpmc_phy_if_0/clk_rsync<1>" RANGE =
CLOCKREGION_X0Y3, CLOCKREGION_X0Y4, CLOCKREGION_X0Y2;


# Regional-Clock "DDR3_SDRAM/DDR3_SDRAM/mpmc_core_0/gen_v6_ddr3_phy.mpmc_phy_if_0/clk_rsync<0>" driven by "BUFR_X2Y6"
INST
"DDR3_SDRAM/DDR3_SDRAM/mpmc_core_0/gen_v6_ddr3_phy.mpmc_phy_if_0/u_phy_read/u_phy_rdclk_gen/gen_loop_col0.u_bufr_rsync"
LOC = "BUFR_X2Y6" ;
NET "DDR3_SDRAM/DDR3_SDRAM/mpmc_core_0/gen_v6_ddr3_phy.mpmc_phy_if_0/clk_rsync<0>" TNM_NET =
"TN_DDR3_SDRAM/DDR3_SDRAM/mpmc_core_0/gen_v6_ddr3_phy.mpmc_phy_if_0/clk_rsync<0>" ;
TIMEGRP "TN_DDR3_SDRAM/DDR3_SDRAM/mpmc_core_0/gen_v6_ddr3_phy.mpmc_phy_if_0/clk_rsync<0>" AREA_GROUP =
"CLKAG_DDR3_SDRAM/DDR3_SDRAM/mpmc_core_0/gen_v6_ddr3_phy.mpmc_phy_if_0/clk_rsync<0>" ;
AREA_GROUP "CLKAG_DDR3_SDRAM/DDR3_SDRAM/mpmc_core_0/gen_v6_ddr3_phy.mpmc_phy_if_0/clk_rsync<0>" RANGE =
CLOCKREGION_X1Y3, CLOCKREGION_X1Y4, CLOCKREGION_X1Y2;


Phase 5.2  Initial Placement for Architecture Specific Features (Checksum:b2866cd9) REAL time: 2 mins 26 secs 

Phase 6.36  Local Placement Optimization
Phase 6.36  Local Placement Optimization (Checksum:b2866cd9) REAL time: 2 mins 26 secs 

Phase 7.30  Global Clock Region Assignment
Phase 7.30  Global Clock Region Assignment (Checksum:b2866cd9) REAL time: 2 mins 26 secs 

Phase 8.3  Local Placement Optimization
Phase 8.3  Local Placement Optimization (Checksum:b2866cd9) REAL time: 2 mins 27 secs 

Phase 9.5  Local Placement Optimization
Phase 9.5  Local Placement Optimization (Checksum:b2866cd9) REAL time: 2 mins 28 secs 

Phase 10.8  Global Placement
..........................................................................................................................................................................
.............................................................................................................................................................................................................
.....................................................................................
....................................................
Phase 10.8  Global Placement (Checksum:4a59dac3) REAL time: 3 mins 54 secs 

Phase 11.5  Local Placement Optimization
Phase 11.5  Local Placement Optimization (Checksum:4a59dac3) REAL time: 3 mins 55 secs 

Phase 12.18  Placement Optimization
Phase 12.18  Placement Optimization (Checksum:734e632) REAL time: 4 mins 12 secs 

Phase 13.5  Local Placement Optimization
Phase 13.5  Local Placement Optimization (Checksum:734e632) REAL time: 4 mins 13 secs 

Phase 14.34  Placement Validation
Phase 14.34  Placement Validation (Checksum:dab87964) REAL time: 4 mins 14 secs 

Total REAL time to Placer completion: 4 mins 17 secs 
Total CPU  time to Placer completion: 4 mins 16 secs 
Running post-placement packing...
Writing output files...

Design Summary:
Number of errors:      0
Number of warnings:   30
Slice Logic Utilization:
  Number of Slice Registers:                 9,442 out of 301,440    3%
    Number used as Flip Flops:               9,404
    Number used as Latches:                      2
    Number used as Latch-thrus:                 32
    Number used as AND/OR logics:                4
  Number of Slice LUTs:                      8,804 out of 150,720    5%
    Number used as logic:                    7,739 out of 150,720    5%
      Number using O6 output only:           5,997
      Number using O5 output only:             238
      Number using O5 and O6:                1,504
      Number used as ROM:                        0
    Number used as Memory:                     523 out of  58,400    1%
      Number used as Dual Port RAM:            288
        Number using O6 output only:            12
        Number using O5 output only:             0
        Number using O5 and O6:                276
      Number used as Single Port RAM:            0
      Number used as Shift Register:           235
        Number using O6 output only:           230
        Number using O5 output only:             1
        Number using O5 and O6:                  4
    Number used exclusively as route-thrus:    542
      Number with same-slice register load:    500
      Number with same-slice carry load:        36
      Number with other load:                    6

Slice Logic Distribution:
  Number of occupied Slices:                 3,830 out of  37,680   10%
  Number of LUT Flip Flop pairs used:       11,577
    Number with an unused Flip Flop:         3,352 out of  11,577   28%
    Number with an unused LUT:               2,773 out of  11,577   23%
    Number of fully used LUT-FF pairs:       5,452 out of  11,577   47%
    Number of unique control sets:             517
    Number of slice register sites lost
      to control set restrictions:           1,983 out of 301,440    1%

  A LUT Flip Flop pair for this architecture represents one LUT paired with
  one Flip Flop within a slice.  A control set is a unique combination of
  clock, reset, set, and enable signals for a registered element.
  The Slice Logic Distribution report is not meaningful if the design is
  over-mapped for a non-slice resource or if Placement fails.
  OVERMAPPING of BRAM resources should be ignored if the design is
  over-mapped for a non-BRAM resource or if placement fails.

IO Utilization:
  Number of bonded IOBs:                        82 out of     600   13%
    Number of LOCed IOBs:                       82 out of      82  100%
    IOB Flip Flops:                              9
    IOB Master Pads:                             5
    IOB Slave Pads:                              5

Specific Feature Utilization:
  Number of RAMB36E1/FIFO36E1s:                 27 out of     416    6%
    Number using RAMB36E1 only:                 27
    Number using FIFO36E1 only:                  0
  Number of RAMB18E1/FIFO18E1s:                  8 out of     832    1%
    Number using RAMB18E1 only:                  8
    Number using FIFO18E1 only:                  0
  Number of BUFG/BUFGCTRLs:                      4 out of      32   12%
    Number used as BUFGs:                        4
    Number used as BUFGCTRLs:                    0
  Number of ILOGICE1/ISERDESE1s:                33 out of     720    4%
    Number used as ILOGICE1s:                    0
    Number used as ISERDESE1s:                  33
  Number of OLOGICE1/OSERDESE1s:                82 out of     720   11%
    Number used as OLOGICE1s:                    9
    Number used as OSERDESE1s:                  73
  Number of BSCANs:                              1 out of       4   25%
  Number of BUFHCEs:                             0 out of     144    0%
  Number of BUFOs:                               0 out of      36    0%
  Number of BUFIODQSs:                           4 out of      72    5%
  Number of BUFRs:                               2 out of      36    5%
    Number of LOCed BUFRs:                       2 out of       2  100%
  Number of CAPTUREs:                            0 out of       1    0%
  Number of DSP48E1s:                            3 out of     768    1%
  Number of EFUSE_USRs:                          0 out of       1    0%
  Number of FRAME_ECCs:                          0 out of       1    0%
  Number of GTXE1s:                              0 out of      20    0%
  Number of IBUFDS_GTXE1s:                       0 out of      12    0%
  Number of ICAPs:                               0 out of       2    0%
  Number of IDELAYCTRLs:                         2 out of      18   11%
  Number of IODELAYE1s:                         46 out of     720    6%
    Number of LOCed IODELAYE1s:                  6 out of      46   13%
  Number of MMCM_ADVs:                           1 out of      12    8%
  Number of PCIE_2_0s:                           0 out of       2    0%
  Number of STARTUPs:                            1 out of       1  100%
  Number of SYSMONs:                             0 out of       1    0%
  Number of TEMAC_SINGLEs:                       0 out of       4    0%

Average Fanout of Non-Clock Nets:                3.58

Peak Memory Usage:  1195 MB
Total REAL time to MAP completion:  4 mins 32 secs 
Total CPU time to MAP completion:   4 mins 32 secs 

Mapping completed.
See MAP report file "system_map.mrp" for details.



#----------------------------------------------#
# Starting program par
# par -w -ol high system_map.ncd system.ncd system.pcf 
#----------------------------------------------#
Release 12.3 - par M.70d (lin64)
Copyright (c) 1995-2010 Xilinx, Inc.  All rights reserved.
PMSPEC -- Overriding Xilinx file </opt/Xilinx/12.3/ISE_DS/EDK/data/parBmgr.acd> with local file
</opt/Xilinx/12.3/ISE_DS/ISE/data/parBmgr.acd>



Constraints file: system.pcf.
Loading device for application Rf_Device from file '6vlx240t.nph' in environment
/opt/Xilinx/12.3/ISE_DS/ISE/:/opt/Xilinx/12.3/ISE_DS/EDK.
   "system" is an NCD, version 3.2, device xc6vlx240t, package ff1156, speed -1
vvvvvvvvvvvvvvvvvvvvvvvvvvvvvvvvvvvvvvvvvvvvvvvvvvvvvvvvvvvvvvvvvvvvvv
INFO:Security:50 - The XILINXD_LICENSE_FILE environment variable is set to '8181@lunghin.ee.ethz.ch'.
INFO:Security:52 - The LM_LICENSE_FILE environment variable is set to '81861@lunghin.ee.ethz.ch'.
INFO:Security:56 - Part 'xc6vlx240t' is not a WebPack part.
WARNING:Security:43 - No license file was found in the standard Xilinx license directory.
WARNING:Security:44 - No license file was found.
       Please run the Xilinx License Configuration Manager
       (xlcm or "Manage Xilinx Licenses")
       to assist in obtaining a license.
WARNING:Security:42 - Your license support version '2011.12' for ISE expires in 15 days after which you will not qualify
for Xilinx software updates or new releases.

----------------------------------------------------------------------

Initializing temperature to 85.000 Celsius. (default - Range: 0.000 to 85.000 Celsius)
Initializing voltage to 0.950 Volts. (default - Range: 0.950 to 1.050 Volts)


Device speed data version:  "PRODUCTION 1.09 2010-09-15".



Device Utilization Summary:

Slice Logic Utilization:
  Number of Slice Registers:                 9,442 out of 301,440    3%
    Number used as Flip Flops:               9,404
    Number used as Latches:                      2
    Number used as Latch-thrus:                 32
    Number used as AND/OR logics:                4
  Number of Slice LUTs:                      8,804 out of 150,720    5%
    Number used as logic:                    7,739 out of 150,720    5%
      Number using O6 output only:           5,997
      Number using O5 output only:             238
      Number using O5 and O6:                1,504
      Number used as ROM:                        0
    Number used as Memory:                     523 out of  58,400    1%
      Number used as Dual Port RAM:            288
        Number using O6 output only:            12
        Number using O5 output only:             0
        Number using O5 and O6:                276
      Number used as Single Port RAM:            0
      Number used as Shift Register:           235
        Number using O6 output only:           230
        Number using O5 output only:             1
        Number using O5 and O6:                  4
    Number used exclusively as route-thrus:    542
      Number with same-slice register load:    500
      Number with same-slice carry load:        36
      Number with other load:                    6

Slice Logic Distribution:
  Number of occupied Slices:                 3,830 out of  37,680   10%
  Number of LUT Flip Flop pairs used:       11,577
    Number with an unused Flip Flop:         3,352 out of  11,577   28%
    Number with an unused LUT:               2,773 out of  11,577   23%
    Number of fully used LUT-FF pairs:       5,452 out of  11,577   47%
    Number of slice register sites lost
      to control set restrictions:               0 out of 301,440    0%

  A LUT Flip Flop pair for this architecture represents one LUT paired with
  one Flip Flop within a slice.  A control set is a unique combination of
  clock, reset, set, and enable signals for a registered element.
  The Slice Logic Distribution report is not meaningful if the design is
  over-mapped for a non-slice resource or if Placement fails.
  OVERMAPPING of BRAM resources should be ignored if the design is
  over-mapped for a non-BRAM resource or if placement fails.

IO Utilization:
  Number of bonded IOBs:                        82 out of     600   13%
    Number of LOCed IOBs:                       82 out of      82  100%
    IOB Flip Flops:                              9
    IOB Master Pads:                             5
    IOB Slave Pads:                              5

Specific Feature Utilization:
  Number of RAMB36E1/FIFO36E1s:                 27 out of     416    6%
    Number using RAMB36E1 only:                 27
    Number using FIFO36E1 only:                  0
  Number of RAMB18E1/FIFO18E1s:                  8 out of     832    1%
    Number using RAMB18E1 only:                  8
    Number using FIFO18E1 only:                  0
  Number of BUFG/BUFGCTRLs:                      4 out of      32   12%
    Number used as BUFGs:                        4
    Number used as BUFGCTRLs:                    0
  Number of ILOGICE1/ISERDESE1s:                33 out of     720    4%
    Number used as ILOGICE1s:                    0
    Number used as ISERDESE1s:                  33
  Number of OLOGICE1/OSERDESE1s:                82 out of     720   11%
    Number used as OLOGICE1s:                    9
    Number used as OSERDESE1s:                  73
  Number of BSCANs:                              1 out of       4   25%
  Number of BUFHCEs:                             0 out of     144    0%
  Number of BUFIODQSs:                           4 out of      72    5%
  Number of BUFRs:                               2 out of      36    5%
    Number of LOCed BUFRs:                       2 out of       2  100%
  Number of CAPTUREs:                            0 out of       1    0%
  Number of DSP48E1s:                            3 out of     768    1%
  Number of EFUSE_USRs:                          0 out of       1    0%
  Number of FRAME_ECCs:                          0 out of       1    0%
  Number of GTXE1s:                              0 out of      20    0%
  Number of IBUFDS_GTXE1s:                       0 out of      12    0%
  Number of ICAPs:                               0 out of       2    0%
  Number of IDELAYCTRLs:                         2 out of      18   11%
  Number of IODELAYE1s:                         46 out of     720    6%
    Number of LOCed IODELAYE1s:                  6 out of      46   13%
  Number of MMCM_ADVs:                           1 out of      12    8%
  Number of PCIE_2_0s:                           0 out of       2    0%
  Number of STARTUPs:                            1 out of       1  100%
  Number of SYSMONs:                             0 out of       1    0%
  Number of TEMAC_SINGLEs:                       0 out of       4    0%


Overall effort level (-ol):   High 
Router effort level (-rl):    High 

Starting initial Timing Analysis.  REAL time: 37 secs 
Finished initial Timing Analysis.  REAL time: 37 secs 

WARNING:Par:288 - The signal osif_0_OSIF_burstAddr<13> has no load.  PAR will not attempt to route this signal.
WARNING:Par:288 - The signal osif_0_OSIF_burstAddr<12> has no load.  PAR will not attempt to route this signal.
WARNING:Par:288 - The signal osif_0_OSIF_burstAddr<11> has no load.  PAR will not attempt to route this signal.
WARNING:Par:288 - The signal
   DDR3_SDRAM/DDR3_SDRAM/mpmc_core_0/gen_v6_ddr3_phy.mpmc_phy_if_0/u_phy_data_io/gen_dqs[0].u_phy_dqs_iob/u_iobuf_dqs/OB has no load.  PAR
   will not attempt to route this signal.
WARNING:Par:288 - The signal
   DDR3_SDRAM/DDR3_SDRAM/mpmc_core_0/gen_v6_ddr3_phy.mpmc_phy_if_0/u_phy_data_io/gen_dqs[1].u_phy_dqs_iob/u_iobuf_dqs/OB has no load.  PAR
   will not attempt to route this signal.
WARNING:Par:288 - The signal
   DDR3_SDRAM/DDR3_SDRAM/mpmc_core_0/gen_v6_ddr3_phy.mpmc_phy_if_0/u_phy_data_io/gen_dqs[2].u_phy_dqs_iob/u_iobuf_dqs/OB has no load.  PAR
   will not attempt to route this signal.
WARNING:Par:288 - The signal
   DDR3_SDRAM/DDR3_SDRAM/mpmc_core_0/gen_v6_ddr3_phy.mpmc_phy_if_0/u_phy_data_io/gen_dqs[3].u_phy_dqs_iob/u_iobuf_dqs/OB has no load.  PAR
   will not attempt to route this signal.
WARNING:Par:288 - The signal microblaze_0/microblaze_0/Performance.Data_Flow_I/Register_File_I/Using_LUT6.All_RAM32M[14].ram32m_i_RAMD_D1_O
   has no load.  PAR will not attempt to route this signal.
WARNING:Par:288 - The signal microblaze_0/microblaze_0/Performance.Data_Flow_I/Register_File_I/Using_LUT6.All_RAM32M[6].ram32m_i_RAMD_D1_O
   has no load.  PAR will not attempt to route this signal.
WARNING:Par:288 - The signal microblaze_0/microblaze_0/Performance.Data_Flow_I/Register_File_I/Using_LUT6.All_RAM32M[10].ram32m_i_RAMD_D1_O
   has no load.  PAR will not attempt to route this signal.
WARNING:Par:288 - The signal microblaze_0/microblaze_0/Performance.Data_Flow_I/Register_File_I/Using_LUT6.All_RAM32M[7].ram32m_i_RAMD_D1_O
   has no load.  PAR will not attempt to route this signal.
WARNING:Par:288 - The signal microblaze_0/microblaze_0/Performance.Data_Flow_I/Register_File_I/Using_LUT6.All_RAM32M[15].ram32m_i_RAMD_D1_O
   has no load.  PAR will not attempt to route this signal.
WARNING:Par:288 - The signal microblaze_0/microblaze_0/Performance.Data_Flow_I/Register_File_I/Using_LUT6.All_RAM32M[8].ram32m_i_RAMD_D1_O
   has no load.  PAR will not attempt to route this signal.
WARNING:Par:288 - The signal microblaze_0/microblaze_0/Performance.Data_Flow_I/Register_File_I/Using_LUT6.All_RAM32M[9].ram32m_i_RAMD_D1_O
   has no load.  PAR will not attempt to route this signal.
WARNING:Par:288 - The signal microblaze_0/microblaze_0/Performance.Data_Flow_I/Register_File_I/Using_LUT6.All_RAM32M[12].ram32m_i_RAMD_D1_O
   has no load.  PAR will not attempt to route this signal.
WARNING:Par:288 - The signal microblaze_0/microblaze_0/Performance.Data_Flow_I/Register_File_I/Using_LUT6.All_RAM32M[0].ram32m_i_RAMD_D1_O
   has no load.  PAR will not attempt to route this signal.
WARNING:Par:288 - The signal microblaze_0/microblaze_0/Performance.Data_Flow_I/Register_File_I/Using_LUT6.All_RAM32M[11].ram32m_i_RAMD_D1_O
   has no load.  PAR will not attempt to route this signal.
WARNING:Par:288 - The signal microblaze_0/microblaze_0/Performance.Data_Flow_I/Register_File_I/Using_LUT6.All_RAM32M[4].ram32m_i_RAMD_D1_O
   has no load.  PAR will not attempt to route this signal.
WARNING:Par:288 - The signal microblaze_0/microblaze_0/Performance.Data_Flow_I/Register_File_I/Using_LUT6.All_RAM32M[1].ram32m_i_RAMD_D1_O
   has no load.  PAR will not attempt to route this signal.
WARNING:Par:288 - The signal microblaze_0/microblaze_0/Performance.Data_Flow_I/Register_File_I/Using_LUT6.All_RAM32M[13].ram32m_i_RAMD_D1_O
   has no load.  PAR will not attempt to route this signal.
WARNING:Par:288 - The signal microblaze_0/microblaze_0/Performance.Data_Flow_I/Register_File_I/Using_LUT6.All_RAM32M[5].ram32m_i_RAMD_D1_O
   has no load.  PAR will not attempt to route this signal.
WARNING:Par:288 - The signal microblaze_0/microblaze_0/Performance.Data_Flow_I/Register_File_I/Using_LUT6.All_RAM32M[3].ram32m_i_RAMD_D1_O
   has no load.  PAR will not attempt to route this signal.
WARNING:Par:288 - The signal microblaze_0/microblaze_0/Performance.Data_Flow_I/Register_File_I/Using_LUT6.All_RAM32M[2].ram32m_i_RAMD_D1_O
   has no load.  PAR will not attempt to route this signal.
WARNING:Par:288 - The signal microblaze_0/microblaze_0/Performance.Using_DCache.Using_WriteThrough.DCache_I1/Mram_cacheline_copy4_RAMD_D1_O
   has no load.  PAR will not attempt to route this signal.
WARNING:Par:288 - The signal microblaze_0/microblaze_0/Performance.Using_DCache.Using_WriteThrough.DCache_I1/Mram_cacheline_copy5_RAMD_D1_O
   has no load.  PAR will not attempt to route this signal.
WARNING:Par:288 - The signal microblaze_0/microblaze_0/Performance.Using_DCache.Using_WriteThrough.DCache_I1/Mram_cacheline_copy3_RAMD_D1_O
   has no load.  PAR will not attempt to route this signal.
WARNING:Par:288 - The signal microblaze_0/microblaze_0/Performance.Using_DCache.Using_WriteThrough.DCache_I1/Mram_cacheline_copy2_RAMD_D1_O
   has no load.  PAR will not attempt to route this signal.
WARNING:Par:288 - The signal microblaze_0/microblaze_0/Performance.Using_DCache.Using_WriteThrough.DCache_I1/Mram_cacheline_copy1_RAMD_D1_O
   has no load.  PAR will not attempt to route this signal.
Starting Router


Phase  1  : 66913 unrouted;      REAL time: 45 secs 

Phase  2  : 54959 unrouted;      REAL time: 54 secs 

Phase  3  : 17496 unrouted;      REAL time: 1 mins 58 secs 

Phase  4  : 17494 unrouted; (Setup:0, Hold:6635, Component Switching Limit:0)     REAL time: 2 mins 11 secs 

Updating file: system.ncd with current fully routed design.

Phase  5  : 0 unrouted; (Setup:0, Hold:6162, Component Switching Limit:0)     REAL time: 2 mins 34 secs 

Phase  6  : 0 unrouted; (Setup:0, Hold:6162, Component Switching Limit:0)     REAL time: 2 mins 34 secs 

Phase  7  : 0 unrouted; (Setup:0, Hold:6162, Component Switching Limit:0)     REAL time: 2 mins 34 secs 

Phase  8  : 0 unrouted; (Setup:0, Hold:6162, Component Switching Limit:0)     REAL time: 2 mins 34 secs 

Phase  9  : 0 unrouted; (Setup:0, Hold:0, Component Switching Limit:0)     REAL time: 2 mins 36 secs 

Phase 10  : 0 unrouted; (Setup:0, Hold:0, Component Switching Limit:0)     REAL time: 2 mins 44 secs 
Total REAL time to Router completion: 2 mins 44 secs 
Total CPU time to Router completion: 2 mins 49 secs 

Partition Implementation Status
-------------------------------

  No Partitions were found in this design.

-------------------------------

Generating "PAR" statistics.

**************************
Generating Clock Report
**************************

+---------------------+--------------+------+------+------------+-------------+
|        Clock Net    |   Resource   |Locked|Fanout|Net Skew(ns)|Max Delay(ns)|
+---------------------+--------------+------+------+------------+-------------+
|clk_100_0000MHzMMCM0 |              |      |      |            |             |
|                     | BUFGCTRL_X0Y0| No   | 1772 |  0.355     |  1.941      |
+---------------------+--------------+------+------+------------+-------------+
|clk_200_0000MHzMMCM0 |              |      |      |            |             |
|                     | BUFGCTRL_X0Y1| No   | 1413 |  0.369     |  1.949      |
+---------------------+--------------+------+------+------------+-------------+
|microblaze_0_mdm_bus |              |      |      |            |             |
|            _Dbg_Clk |BUFGCTRL_X0Y31| No   |   62 |  0.248     |  1.838      |
+---------------------+--------------+------+------+------------+-------------+
|DDR3_SDRAM/DDR3_SDRA |              |      |      |            |             |
|M/mpmc_core_0/gen_v6 |              |      |      |            |             |
|_ddr3_phy.mpmc_phy_i |              |      |      |            |             |
|    f_0/clk_rsync<1> |  Regional Clk|Yes   |   94 |  0.195     |  1.050      |
+---------------------+--------------+------+------+------------+-------------+
|DDR3_SDRAM/DDR3_SDRA |              |      |      |            |             |
|M/mpmc_core_0/gen_v6 |              |      |      |            |             |
|_ddr3_phy.mpmc_phy_i |              |      |      |            |             |
|    f_0/clk_rsync<0> |  Regional Clk|Yes   |  252 |  0.075     |  0.913      |
+---------------------+--------------+------+------+------------+-------------+
|clk_400_0000MHzMMCM0 |              |      |      |            |             |
|                     | BUFGCTRL_X0Y2| No   |  106 |  0.164     |  1.901      |
+---------------------+--------------+------+------+------------+-------------+
|microblaze_0_mdm_bus |              |      |      |            |             |
|         _Dbg_Update |         Local|      |   18 |  2.775     |  3.717      |
+---------------------+--------------+------+------+------------+-------------+
|xps_timer_0_Interrup |              |      |      |            |             |
|                   t |         Local|      |    1 |  0.000     |  0.753      |
+---------------------+--------------+------+------+------------+-------------+
|clock_generator_0/cl |              |      |      |            |             |
|ock_generator_0/MMCM |              |      |      |            |             |
|0_INST/MMCM_ADV_inst |              |      |      |            |             |
|          _ML_NEW_I1 |         Local|      |    3 |  0.000     |  1.081      |
+---------------------+--------------+------+------+------------+-------------+
|DDR3_SDRAM/DDR3_SDRA |              |      |      |            |             |
|M/mpmc_core_0/gen_v6 |              |      |      |            |             |
|_ddr3_phy.mpmc_phy_i |              |      |      |            |             |
|      f_0/clk_cpt<3> |         Local|      |   16 |  0.011     |  1.310      |
+---------------------+--------------+------+------+------------+-------------+
|DDR3_SDRAM/DDR3_SDRA |              |      |      |            |             |
|M/mpmc_core_0/gen_v6 |              |      |      |            |             |
|_ddr3_phy.mpmc_phy_i |              |      |      |            |             |
|      f_0/clk_cpt<2> |         Local|      |   16 |  0.011     |  1.310      |
+---------------------+--------------+------+------+------------+-------------+
|DDR3_SDRAM/DDR3_SDRA |              |      |      |            |             |
|M/mpmc_core_0/gen_v6 |              |      |      |            |             |
|_ddr3_phy.mpmc_phy_i |              |      |      |            |             |
|      f_0/clk_cpt<0> |         Local|      |   18 |  0.011     |  1.310      |
+---------------------+--------------+------+------+------------+-------------+
|DDR3_SDRAM/DDR3_SDRA |              |      |      |            |             |
|M/mpmc_core_0/gen_v6 |              |      |      |            |             |
|_ddr3_phy.mpmc_phy_i |              |      |      |            |             |
|      f_0/clk_cpt<1> |         Local|      |   16 |  0.000     |  1.288      |
+---------------------+--------------+------+------+------------+-------------+
|clk_400_0000MHzMMCM0 |              |      |      |            |             |
|     _nobuf_varphase |         Local|      |    6 |  0.153     |  1.414      |
+---------------------+--------------+------+------+------------+-------------+
|clock_generator_0/cl |              |      |      |            |             |
|ock_generator_0/MMCM |              |      |      |            |             |
|0_INST/MMCM_ADV_inst |              |      |      |            |             |
|         _ML_NEW_OUT |         Local|      |    2 |  0.000     |  0.233      |
+---------------------+--------------+------+------+------------+-------------+
|MMCM_PHASE_CALIBRATI |              |      |      |            |             |
|ON_ML_LUT2_186_ML_NE |              |      |      |            |             |
|               W_CLK |         Local|      |    2 |  0.000     |  0.548      |
+---------------------+--------------+------+------+------------+-------------+
|hw_task_0/hw_task_0/ |              |      |      |            |             |
|        busy_local_G |         Local|      |    1 |  0.000     |  0.359      |
+---------------------+--------------+------+------+------------+-------------+

* Net Skew is the difference between the minimum and maximum routing
only delays for the net. Note this is different from Clock Skew which
is reported in TRCE timing report. Clock Skew is the difference between
the minimum and maximum path delays which includes logic delays.

Timing Score: 0 (Setup: 0, Hold: 0, Component Switching Limit: 0)

Number of Timing Constraints that were not applied: 3

Asterisk (*) preceding a constraint indicates it was not met.
   This may be due to a setup or hold violation.

----------------------------------------------------------------------------------------------------------
  Constraint                                |    Check    | Worst Case |  Best Case | Timing |   Timing   
                                            |             |    Slack   | Achievable | Errors |    Score   
----------------------------------------------------------------------------------------------------------
  TS_clock_generator_0_clock_generator_0_SI | SETUP       |     0.068ns|     4.932ns|       0|           0
  G_MMCM0_CLKOUT1 = PERIOD TIMEGRP          | HOLD        |     0.001ns|            |       0|           0
  "clock_generator_0_clock_generator_0_SIG_ |             |            |            |        |            
  MMCM0_CLKOUT1" TS_sys_clk_pin         HIG |             |            |            |        |            
  H 50%                                     |             |            |            |        |            
----------------------------------------------------------------------------------------------------------
  TS_clock_generator_0_clock_generator_0_SI | SETUP       |     0.471ns|     9.058ns|       0|           0
  G_MMCM0_CLKOUT0 = PERIOD TIMEGRP          | HOLD        |     0.025ns|            |       0|           0
  "clock_generator_0_clock_generator_0_SIG_ |             |            |            |        |            
  MMCM0_CLKOUT0" TS_sys_clk_pin         * 0 |             |            |            |        |            
  .5 HIGH 50%                               |             |            |            |        |            
----------------------------------------------------------------------------------------------------------
  TS_clock_generator_0_clock_generator_0_SI | MINPERIOD   |     1.071ns|     1.429ns|       0|           0
  G_MMCM0_CLKOUT2 = PERIOD TIMEGRP          |             |            |            |        |            
  "clock_generator_0_clock_generator_0_SIG_ |             |            |            |        |            
  MMCM0_CLKOUT2" TS_sys_clk_pin         * 2 |             |            |            |        |            
   HIGH 50%                                 |             |            |            |        |            
----------------------------------------------------------------------------------------------------------
  TS_sys_clk_pin = PERIOD TIMEGRP "sys_clk_ | MINLOWPULSE |     2.200ns|     2.800ns|       0|           0
  pin" 200 MHz HIGH 50%                     |             |            |            |        |            
----------------------------------------------------------------------------------------------------------
  TS_clk_400_0000MHzMMCM0_nobuf_varphase =  | N/A         |         N/A|         N/A|     N/A|         N/A
  PERIOD TIMEGRP         "clk_400_0000MHzMM |             |            |            |        |            
  CM0_nobuf_varphase" TS_sys_clk_pin * 2 HI |             |            |            |        |            
  GH 50%                                    |             |            |            |        |            
----------------------------------------------------------------------------------------------------------


Derived Constraint Report
Review Timing Report for more details on the following derived constraints.
To create a Timing Report, run "trce -v 12 -fastpaths -o design_timing_report design.ncd design.pcf"
or "Run Timing Analysis" from Timing Analyzer (timingan).
Derived Constraints for TS_sys_clk_pin
+-------------------------------+-------------+-------------+-------------+-------------+-------------+-------------+-------------+
|                               |   Period    |       Actual Period       |      Timing Errors        |      Paths Analyzed       |
|           Constraint          | Requirement |-------------+-------------|-------------+-------------|-------------+-------------|
|                               |             |   Direct    | Derivative  |   Direct    | Derivative  |   Direct    | Derivative  |
+-------------------------------+-------------+-------------+-------------+-------------+-------------+-------------+-------------+
|TS_sys_clk_pin                 |      5.000ns|      2.800ns|      4.932ns|            0|            0|            0|       557563|
| TS_clk_400_0000MHzMMCM0_nobuf_|      2.500ns|          N/A|          N/A|            0|            0|            0|            0|
| varphase                      |             |             |             |             |             |             |             |
| TS_clock_generator_0_clock_gen|      5.000ns|      4.932ns|          N/A|            0|            0|        36069|            0|
| erator_0_SIG_MMCM0_CLKOUT1    |             |             |             |             |             |             |             |
| TS_clock_generator_0_clock_gen|     10.000ns|      9.058ns|          N/A|            0|            0|       521494|            0|
| erator_0_SIG_MMCM0_CLKOUT0    |             |             |             |             |             |             |             |
| TS_clock_generator_0_clock_gen|      2.500ns|      1.429ns|          N/A|            0|            0|            0|            0|
| erator_0_SIG_MMCM0_CLKOUT2    |             |             |             |             |             |             |             |
+-------------------------------+-------------+-------------+-------------+-------------+-------------+-------------+-------------+

All constraints were met.
INFO:Timing:2761 - N/A entries in the Constraints List may indicate that the 
   constraint is not analyzed due to the following: No paths covered by this 
   constraint; Other constraints intersect with this constraint; or This 
   constraint was disabled by a Path Tracing Control. Please run the Timespec 
   Interaction Report (TSI) via command line (trce tsi) or Timing Analyzer GUI.


Generating Pad Report.

All signals are completely routed.

WARNING:Par:283 - There are 28 loadless signals in this design. This design will cause Bitgen to issue DRC warnings.

Total REAL time to PAR completion: 2 mins 56 secs 
Total CPU time to PAR completion: 3 mins 1 secs 

Peak Memory Usage:  1089 MB

Placer: Placement generated during map.
Routing: Completed - No errors found.
Timing: Completed - No errors found.

Number of error messages: 0
Number of warning messages: 30
Number of info messages: 0

Writing design to file system.ncd



PAR done!



#----------------------------------------------#
# Starting program post_par_trce
# trce -e 3 -xml system.twx system.ncd system.pcf 
#----------------------------------------------#
Release 12.3 - Trace  (lin64)
Copyright (c) 1995-2010 Xilinx, Inc.  All rights reserved.


PMSPEC -- Overriding Xilinx file
</opt/Xilinx/12.3/ISE_DS/EDK/virtex6/data/virtex6.acd> with local file
</opt/Xilinx/12.3/ISE_DS/ISE/virtex6/data/virtex6.acd>
Loading device for application Rf_Device from file '6vlx240t.nph' in environment
/opt/Xilinx/12.3/ISE_DS/ISE/:/opt/Xilinx/12.3/ISE_DS/EDK.
   "system" is an NCD, version 3.2, device xc6vlx240t, package ff1156, speed -1
--------------------------------------------------------------------------------
Release 12.3 Trace  (lin64)
Copyright (c) 1995-2010 Xilinx, Inc.  All rights reserved.

/opt/Xilinx/12.3/ISE_DS/ISE/bin/lin64/unwrapped/trce -e 3 -xml system.twx
system.ncd system.pcf


Design file:              system.ncd
Physical constraint file: system.pcf
Device,speed:             xc6vlx240t,-1 (PRODUCTION 1.09 2010-09-15, STEPPING
level 0)
Report level:             error report
--------------------------------------------------------------------------------

INFO:Timing:2752 - To get complete path coverage, use the unconstrained paths option. All paths that are not constrained will be reported in
   the unconstrained paths section(s) of the report.
INFO:Timing:3339 - The clock-to-out numbers in this timing report are based on a 50 Ohm transmission line loading model.  For the details of
   this model, and for more information on accounting for different loading conditions, please see the device datasheet.


Timing summary:
---------------

Timing errors: 0  Score: 0 (Setup/Max: 0, Hold: 0)

Constraints cover 557563 paths, 0 nets, and 47329 connections

Design statistics:
   Minimum period:   9.058ns (Maximum frequency: 110.400MHz)


Analysis completed Thu Dec 15 16:06:35 2011
--------------------------------------------------------------------------------

Generating Report ...

Number of warnings: 0
Number of info messages: 2
Total time: 44 secs 


