Release 12.3 - platgen Xilinx EDK 12.3 Build EDK_MS3.70d
 (lin64)
Copyright (c) 1995-2010 Xilinx, Inc.  All rights reserved.

Command Line: platgen -p xc6vlx240tff1156-1 -lang vhdl -msg
__xps/ise/xmsgprops.lst system.mhs 

WARNING:EDK - INFO:Security:50 - The XILINXD_LICENSE_FILE environment variable
   is set to '8181@lunghin.ee.ethz.ch'.
   INFO:Security:52 - The LM_LICENSE_FILE environment variable is set to
   '81861@lunghin.ee.ethz.ch'.
   WARNING:Security:43 - No license file was found in the standard Xilinx
   license directory.
   WARNING:Security:44 - No license file was found.
          Please run the Xilinx License Configuration Manager
          (xlcm or "Manage Xilinx Licenses")
          to assist in obtaining a license.
   WARNING:Security:42 - Your license support version '2011.12' for XPS expires
   in 15 days after which you will not qualify for Xilinx software updates or
   new releases.


Parse /home/rihuber/reconos/projects/sort_demo/hw/edk-static/system.mhs ...

Read MPD definitions ...
WARNING:EDK:2028 - Option "CORE_STATE" in
   /home/rihuber/reconos/projects/sort_demo/hw/edk-static/pcores/dcr_timebase_v1
   _00_b/data/dcr_timebase_v2_1_0.mpd line 10  is deprecated. Please use Option
   ARCH_SUPPORT_MAP instead. 
WARNING:EDK:2028 - Option "CORE_STATE" in
   /home/rihuber/reconos/projects/sort_demo/hw/edk-static/pcores/hw_task_v1_01_b
   /data/hw_task_v2_1_0.mpd line 15  is deprecated. Please use Option
   ARCH_SUPPORT_MAP instead. 
WARNING:EDK:3449 - IPNAME:microblaze INSTANCE:microblaze_0 -
   /home/rihuber/reconos/projects/sort_demo/hw/edk-static/system.mhs line 24 -
   Superseded core for architecture 'virtex6lx'!
WARNING:EDK:3450 - IPNAME:dcr_v29 INSTANCE:dcr -
   /home/rihuber/reconos/projects/sort_demo/hw/edk-static/system.mhs line 50 -
   Pre-Production version not verified on hardware for architecture 'virtex6lx'!
WARNING:EDK:3449 - IPNAME:mdm INSTANCE:mdm_0 -
   /home/rihuber/reconos/projects/sort_demo/hw/edk-static/system.mhs line 213 -
   Superseded core for architecture 'virtex6lx'!
WARNING:EDK:3449 - IPNAME:proc_sys_reset INSTANCE:proc_sys_reset_0 -
   /home/rihuber/reconos/projects/sort_demo/hw/edk-static/system.mhs line 226 -
   Superseded core for architecture 'virtex6lx'!
WARNING:EDK:3450 - IPNAME:plbv46_dcr_bridge INSTANCE:plbv46_dcr_bridge_0 -
   /home/rihuber/reconos/projects/sort_demo/hw/edk-static/system.mhs line 259 -
   Pre-Production version not verified on hardware for architecture 'virtex6lx'!
WARNING:EDK:3449 - IPNAME:microblaze INSTANCE:microblaze_0 -
   /home/rihuber/reconos/projects/sort_demo/hw/edk-static/system.mhs line 24 -
   Superseded core for architecture 'virtex6lx'!
WARNING:EDK:3450 - IPNAME:dcr_v29 INSTANCE:dcr -
   /home/rihuber/reconos/projects/sort_demo/hw/edk-static/system.mhs line 50 -
   Pre-Production version not verified on hardware for architecture 'virtex6lx'!
WARNING:EDK:3449 - IPNAME:mdm INSTANCE:mdm_0 -
   /home/rihuber/reconos/projects/sort_demo/hw/edk-static/system.mhs line 213 -
   Superseded core for architecture 'virtex6lx'!
WARNING:EDK:3449 - IPNAME:proc_sys_reset INSTANCE:proc_sys_reset_0 -
   /home/rihuber/reconos/projects/sort_demo/hw/edk-static/system.mhs line 226 -
   Superseded core for architecture 'virtex6lx'!
WARNING:EDK:3450 - IPNAME:plbv46_dcr_bridge INSTANCE:plbv46_dcr_bridge_0 -
   /home/rihuber/reconos/projects/sort_demo/hw/edk-static/system.mhs line 259 -
   Pre-Production version not verified on hardware for architecture 'virtex6lx'!

Overriding IP level properties ...
INFO:EDK:1560 - IPNAME:mpmc INSTANCE:DDR3_SDRAM -
   /opt/Xilinx/12.3/ISE_DS/EDK/hw/XilinxProcessorIPLib/pcores/mpmc_v6_02_a/data/
   mpmc_v2_1_0.mpd line 143 - tcl is overriding PARAMETER C_BASEFAMILY value to
   virtex6
INFO:EDK:1560 - IPNAME:mpmc INSTANCE:DDR3_SDRAM -
   /opt/Xilinx/12.3/ISE_DS/EDK/hw/XilinxProcessorIPLib/pcores/mpmc_v6_02_a/data/
   mpmc_v2_1_0.mpd line 170 - tcl is overriding PARAMETER C_IODELAY_GRP value to
   DDR3_SDRAM
INFO:EDK:1560 - IPNAME:mpmc INSTANCE:DDR3_SDRAM -
   /opt/Xilinx/12.3/ISE_DS/EDK/hw/XilinxProcessorIPLib/pcores/mpmc_v6_02_a/data/
   mpmc_v2_1_0.mpd line 206 - tcl is overriding PARAMETER C_USE_MIG_V6_PHY value
   to 1
INFO:EDK:1560 - IPNAME:mpmc INSTANCE:DDR3_SDRAM -
   /opt/Xilinx/12.3/ISE_DS/EDK/hw/XilinxProcessorIPLib/pcores/mpmc_v6_02_a/data/
   mpmc_v2_1_0.mpd line 254 - tcl is overriding PARAMETER C_MEM_PART_DATA_DEPTH
   value to 64
INFO:EDK:1560 - IPNAME:mpmc INSTANCE:DDR3_SDRAM -
   /opt/Xilinx/12.3/ISE_DS/EDK/hw/XilinxProcessorIPLib/pcores/mpmc_v6_02_a/data/
   mpmc_v2_1_0.mpd line 255 - tcl is overriding PARAMETER C_MEM_PART_DATA_WIDTH
   value to 16
INFO:EDK:1560 - IPNAME:mpmc INSTANCE:DDR3_SDRAM -
   /opt/Xilinx/12.3/ISE_DS/EDK/hw/XilinxProcessorIPLib/pcores/mpmc_v6_02_a/data/
   mpmc_v2_1_0.mpd line 256 - tcl is overriding PARAMETER
   C_MEM_PART_NUM_BANK_BITS value to 3
INFO:EDK:1560 - IPNAME:mpmc INSTANCE:DDR3_SDRAM -
   /opt/Xilinx/12.3/ISE_DS/EDK/hw/XilinxProcessorIPLib/pcores/mpmc_v6_02_a/data/
   mpmc_v2_1_0.mpd line 258 - tcl is overriding PARAMETER
   C_MEM_PART_NUM_COL_BITS value to 10
INFO:EDK:1560 - IPNAME:mpmc INSTANCE:DDR3_SDRAM -
   /opt/Xilinx/12.3/ISE_DS/EDK/hw/XilinxProcessorIPLib/pcores/mpmc_v6_02_a/data/
   mpmc_v2_1_0.mpd line 259 - tcl is overriding PARAMETER C_MEM_PART_TRAS value
   to 37500
INFO:EDK:1560 - IPNAME:mpmc INSTANCE:DDR3_SDRAM -
   /opt/Xilinx/12.3/ISE_DS/EDK/hw/XilinxProcessorIPLib/pcores/mpmc_v6_02_a/data/
   mpmc_v2_1_0.mpd line 260 - tcl is overriding PARAMETER C_MEM_PART_TRASMAX
   value to 70200000
INFO:EDK:1560 - IPNAME:mpmc INSTANCE:DDR3_SDRAM -
   /opt/Xilinx/12.3/ISE_DS/EDK/hw/XilinxProcessorIPLib/pcores/mpmc_v6_02_a/data/
   mpmc_v2_1_0.mpd line 261 - tcl is overriding PARAMETER C_MEM_PART_TRC value
   to 50625
INFO:EDK:1560 - IPNAME:mpmc INSTANCE:DDR3_SDRAM -
   /opt/Xilinx/12.3/ISE_DS/EDK/hw/XilinxProcessorIPLib/pcores/mpmc_v6_02_a/data/
   mpmc_v2_1_0.mpd line 262 - tcl is overriding PARAMETER C_MEM_PART_TRCD value
   to 13130
INFO:EDK:1560 - IPNAME:mpmc INSTANCE:DDR3_SDRAM -
   /opt/Xilinx/12.3/ISE_DS/EDK/hw/XilinxProcessorIPLib/pcores/mpmc_v6_02_a/data/
   mpmc_v2_1_0.mpd line 264 - tcl is overriding PARAMETER C_MEM_PART_TWR value
   to 15000
INFO:EDK:1560 - IPNAME:mpmc INSTANCE:DDR3_SDRAM -
   /opt/Xilinx/12.3/ISE_DS/EDK/hw/XilinxProcessorIPLib/pcores/mpmc_v6_02_a/data/
   mpmc_v2_1_0.mpd line 265 - tcl is overriding PARAMETER C_MEM_PART_TRP value
   to 13130
INFO:EDK:1560 - IPNAME:mpmc INSTANCE:DDR3_SDRAM -
   /opt/Xilinx/12.3/ISE_DS/EDK/hw/XilinxProcessorIPLib/pcores/mpmc_v6_02_a/data/
   mpmc_v2_1_0.mpd line 267 - tcl is overriding PARAMETER C_MEM_PART_TRRD value
   to 7500
INFO:EDK:1560 - IPNAME:mpmc INSTANCE:DDR3_SDRAM -
   /opt/Xilinx/12.3/ISE_DS/EDK/hw/XilinxProcessorIPLib/pcores/mpmc_v6_02_a/data/
   mpmc_v2_1_0.mpd line 268 - tcl is overriding PARAMETER C_MEM_PART_TRFC value
   to 110000
INFO:EDK:1560 - IPNAME:mpmc INSTANCE:DDR3_SDRAM -
   /opt/Xilinx/12.3/ISE_DS/EDK/hw/XilinxProcessorIPLib/pcores/mpmc_v6_02_a/data/
   mpmc_v2_1_0.mpd line 269 - tcl is overriding PARAMETER C_MEM_PART_TREFI value
   to 7800000
INFO:EDK:1560 - IPNAME:mpmc INSTANCE:DDR3_SDRAM -
   /opt/Xilinx/12.3/ISE_DS/EDK/hw/XilinxProcessorIPLib/pcores/mpmc_v6_02_a/data/
   mpmc_v2_1_0.mpd line 271 - tcl is overriding PARAMETER C_MEM_PART_TCCD value
   to 4
INFO:EDK:1560 - IPNAME:mpmc INSTANCE:DDR3_SDRAM -
   /opt/Xilinx/12.3/ISE_DS/EDK/hw/XilinxProcessorIPLib/pcores/mpmc_v6_02_a/data/
   mpmc_v2_1_0.mpd line 272 - tcl is overriding PARAMETER C_MEM_PART_TWTR value
   to 7500
INFO:EDK:1560 - IPNAME:mpmc INSTANCE:DDR3_SDRAM -
   /opt/Xilinx/12.3/ISE_DS/EDK/hw/XilinxProcessorIPLib/pcores/mpmc_v6_02_a/data/
   mpmc_v2_1_0.mpd line 278 - tcl is overriding PARAMETER C_MEM_PART_CAS_A_FMAX
   value to 400.0
INFO:EDK:1560 - IPNAME:mpmc INSTANCE:DDR3_SDRAM -
   /opt/Xilinx/12.3/ISE_DS/EDK/hw/XilinxProcessorIPLib/pcores/mpmc_v6_02_a/data/
   mpmc_v2_1_0.mpd line 279 - tcl is overriding PARAMETER C_MEM_PART_CAS_A value
   to 6
INFO:EDK:1560 - IPNAME:mpmc INSTANCE:DDR3_SDRAM -
   /opt/Xilinx/12.3/ISE_DS/EDK/hw/XilinxProcessorIPLib/pcores/mpmc_v6_02_a/data/
   mpmc_v2_1_0.mpd line 280 - tcl is overriding PARAMETER C_MEM_PART_CAS_B_FMAX
   value to 533.0
INFO:EDK:1560 - IPNAME:mpmc INSTANCE:DDR3_SDRAM -
   /opt/Xilinx/12.3/ISE_DS/EDK/hw/XilinxProcessorIPLib/pcores/mpmc_v6_02_a/data/
   mpmc_v2_1_0.mpd line 281 - tcl is overriding PARAMETER C_MEM_PART_CAS_B value
   to 7
INFO:EDK:1560 - IPNAME:mpmc INSTANCE:DDR3_SDRAM -
   /opt/Xilinx/12.3/ISE_DS/EDK/hw/XilinxProcessorIPLib/pcores/mpmc_v6_02_a/data/
   mpmc_v2_1_0.mpd line 282 - tcl is overriding PARAMETER C_MEM_PART_CAS_C_FMAX
   value to 1.0
INFO:EDK:1560 - IPNAME:mpmc INSTANCE:DDR3_SDRAM -
   /opt/Xilinx/12.3/ISE_DS/EDK/hw/XilinxProcessorIPLib/pcores/mpmc_v6_02_a/data/
   mpmc_v2_1_0.mpd line 284 - tcl is overriding PARAMETER C_MEM_PART_CAS_D_FMAX
   value to 1.0
INFO:EDK:1560 - IPNAME:mpmc INSTANCE:DDR3_SDRAM -
   /opt/Xilinx/12.3/ISE_DS/EDK/hw/XilinxProcessorIPLib/pcores/mpmc_v6_02_a/data/
   mpmc_v2_1_0.mpd line 297 - tcl is overriding PARAMETER C_MEM_BANKADDR_WIDTH
   value to 3
INFO:EDK:1560 - IPNAME:mpmc INSTANCE:DDR3_SDRAM -
   /opt/Xilinx/12.3/ISE_DS/EDK/hw/XilinxProcessorIPLib/pcores/mpmc_v6_02_a/data/
   mpmc_v2_1_0.mpd line 300 - tcl is overriding PARAMETER C_MEM_DM_WIDTH value
   to 4
INFO:EDK:1560 - IPNAME:mpmc INSTANCE:DDR3_SDRAM -
   /opt/Xilinx/12.3/ISE_DS/EDK/hw/XilinxProcessorIPLib/pcores/mpmc_v6_02_a/data/
   mpmc_v2_1_0.mpd line 301 - tcl is overriding PARAMETER C_MEM_DQS_WIDTH value
   to 4

Computing clock values...
INFO:EDK:740 - Cannot determine the input clock associated with port :
   osif_0:task_clk. Clock DRCs will not be performed on this core and cores
   connected to it. 

Performing IP level DRCs on properties...

Running DRC Tcl procedures for OPTION IPLEVEL_DRC_PROC...
Address Map for Processor microblaze_0
  (0b0000000000-0b0000000011) osif_0	mb_plb->plbv46_dcr_bridge_0->dcr
  (0b0010000000-0b0010000011) dcr_timebase_0	mb_plb->plbv46_dcr_bridge_0->dcr
  (0000000000-0x00001fff) dlmb_cntlr	dlmb
  (0000000000-0x00001fff) ilmb_cntlr	ilmb
  (0x81440000-0x8144ffff) LEDs_8Bit	mb_plb
  (0x81800000-0x8180ffff) xps_intc_0	mb_plb
  (0x83c00000-0x83c0ffff) xps_timer_0	mb_plb
  (0x84000000-0x8400ffff) RS232_Uart	mb_plb
  (0x84400000-0x8440ffff) mdm_0	mb_plb
  (0xb0000000-0xbfffffff) DDR3_SDRAM	mb_plb
  (0xb0000000-0xbfffffff) DDR3_SDRAM	microblaze_0_DXCL
  (0xb0000000-0xbfffffff) DDR3_SDRAM	microblaze_0_IXCL
INFO:EDK:1560 - IPNAME:mpmc INSTANCE:DDR3_SDRAM -
   /opt/Xilinx/12.3/ISE_DS/EDK/hw/XilinxProcessorIPLib/pcores/mpmc_v6_02_a/data/
   mpmc_v2_1_0.mpd line 357 - tool is overriding PARAMETER C_SPLB0_P2P value to
   0
INFO:EDK:1560 - IPNAME:microblaze INSTANCE:microblaze_0 -
   /opt/Xilinx/12.3/ISE_DS/EDK/hw/XilinxProcessorIPLib/pcores/microblaze_v7_30_b
   /data/microblaze_v2_1_0.mpd line 147 - tool is overriding PARAMETER
   C_DPLB_DWIDTH value to 64
INFO:EDK:1560 - IPNAME:microblaze INSTANCE:microblaze_0 -
   /opt/Xilinx/12.3/ISE_DS/EDK/hw/XilinxProcessorIPLib/pcores/microblaze_v7_30_b
   /data/microblaze_v2_1_0.mpd line 151 - tool is overriding PARAMETER
   C_IPLB_DWIDTH value to 64
INFO:EDK:1560 - IPNAME:dcr_v29 INSTANCE:dcr -
   /home/rihuber/reconos/projects/sort_demo/hw/edk-static/pcores/dcr_v29_v9_00_a
   /data/dcr_v29_v2_1_0.mpd line 68 - tool is overriding PARAMETER
   C_DCR_NUM_SLAVES value to 2
INFO:EDK:1560 - IPNAME:plb_v46 INSTANCE:mb_plb -
   /opt/Xilinx/12.3/ISE_DS/EDK/hw/XilinxProcessorIPLib/pcores/plb_v46_v1_05_a/da
   ta/plb_v46_v2_1_0.mpd line 69 - tool is overriding PARAMETER
   C_PLBV46_NUM_MASTERS value to 3
INFO:EDK:1560 - IPNAME:plb_v46 INSTANCE:mb_plb -
   /opt/Xilinx/12.3/ISE_DS/EDK/hw/XilinxProcessorIPLib/pcores/plb_v46_v1_05_a/da
   ta/plb_v46_v2_1_0.mpd line 70 - tool is overriding PARAMETER
   C_PLBV46_NUM_SLAVES value to 7
INFO:EDK:1560 - IPNAME:lmb_v10 INSTANCE:ilmb -
   /opt/Xilinx/12.3/ISE_DS/EDK/hw/XilinxProcessorIPLib/pcores/lmb_v10_v1_00_a/da
   ta/lmb_v10_v2_1_0.mpd line 70 - tool is overriding PARAMETER C_LMB_NUM_SLAVES
   value to 1
INFO:EDK:1560 - IPNAME:lmb_v10 INSTANCE:dlmb -
   /opt/Xilinx/12.3/ISE_DS/EDK/hw/XilinxProcessorIPLib/pcores/lmb_v10_v1_00_a/da
   ta/lmb_v10_v2_1_0.mpd line 70 - tool is overriding PARAMETER C_LMB_NUM_SLAVES
   value to 1
INFO:EDK:1560 - IPNAME:bram_block INSTANCE:lmb_bram -
   /opt/Xilinx/12.3/ISE_DS/EDK/hw/XilinxProcessorIPLib/pcores/bram_block_v1_00_a
   /data/bram_block_v2_1_0.mpd line 67 - tool is overriding PARAMETER C_MEMSIZE
   value to 0x2000
INFO:EDK:1560 - IPNAME:xps_uart16550 INSTANCE:RS232_Uart -
   /opt/Xilinx/12.3/ISE_DS/EDK/hw/XilinxProcessorIPLib/pcores/xps_uart16550_v3_0
   0_a/data/xps_uart16550_v2_1_0.mpd line 74 - tool is overriding PARAMETER
   C_SPLB_DWIDTH value to 64
INFO:EDK:1560 - IPNAME:xps_uart16550 INSTANCE:RS232_Uart -
   /opt/Xilinx/12.3/ISE_DS/EDK/hw/XilinxProcessorIPLib/pcores/xps_uart16550_v3_0
   0_a/data/xps_uart16550_v2_1_0.mpd line 76 - tool is overriding PARAMETER
   C_SPLB_MID_WIDTH value to 2
INFO:EDK:1560 - IPNAME:xps_uart16550 INSTANCE:RS232_Uart -
   /opt/Xilinx/12.3/ISE_DS/EDK/hw/XilinxProcessorIPLib/pcores/xps_uart16550_v3_0
   0_a/data/xps_uart16550_v2_1_0.mpd line 77 - tool is overriding PARAMETER
   C_SPLB_NUM_MASTERS value to 3
INFO:EDK:1560 - IPNAME:xps_gpio INSTANCE:LEDs_8Bit -
   /opt/Xilinx/12.3/ISE_DS/EDK/hw/XilinxProcessorIPLib/pcores/xps_gpio_v2_00_a/d
   ata/xps_gpio_v2_1_0.mpd line 69 - tool is overriding PARAMETER C_SPLB_DWIDTH
   value to 64
INFO:EDK:1560 - IPNAME:xps_gpio INSTANCE:LEDs_8Bit -
   /opt/Xilinx/12.3/ISE_DS/EDK/hw/XilinxProcessorIPLib/pcores/xps_gpio_v2_00_a/d
   ata/xps_gpio_v2_1_0.mpd line 71 - tool is overriding PARAMETER
   C_SPLB_MID_WIDTH value to 2
INFO:EDK:1560 - IPNAME:xps_gpio INSTANCE:LEDs_8Bit -
   /opt/Xilinx/12.3/ISE_DS/EDK/hw/XilinxProcessorIPLib/pcores/xps_gpio_v2_00_a/d
   ata/xps_gpio_v2_1_0.mpd line 72 - tool is overriding PARAMETER
   C_SPLB_NUM_MASTERS value to 3
INFO:EDK:1560 - IPNAME:mpmc INSTANCE:DDR3_SDRAM -
   /opt/Xilinx/12.3/ISE_DS/EDK/hw/XilinxProcessorIPLib/pcores/mpmc_v6_02_a/data/
   mpmc_v2_1_0.mpd line 355 - tool is overriding PARAMETER C_SPLB0_NUM_MASTERS
   value to 3
INFO:EDK:1560 - IPNAME:mpmc INSTANCE:DDR3_SDRAM -
   /opt/Xilinx/12.3/ISE_DS/EDK/hw/XilinxProcessorIPLib/pcores/mpmc_v6_02_a/data/
   mpmc_v2_1_0.mpd line 356 - tool is overriding PARAMETER C_SPLB0_MID_WIDTH
   value to 2
INFO:EDK:1560 - IPNAME:mdm INSTANCE:mdm_0 -
   /opt/Xilinx/12.3/ISE_DS/EDK/hw/XilinxProcessorIPLib/pcores/mdm_v1_00_g/data/m
   dm_v2_1_0.mpd line 84 - tool is overriding PARAMETER C_SPLB_DWIDTH value to
   64
INFO:EDK:1560 - IPNAME:mdm INSTANCE:mdm_0 -
   /opt/Xilinx/12.3/ISE_DS/EDK/hw/XilinxProcessorIPLib/pcores/mdm_v1_00_g/data/m
   dm_v2_1_0.mpd line 86 - tool is overriding PARAMETER C_SPLB_MID_WIDTH value
   to 2
INFO:EDK:1560 - IPNAME:mdm INSTANCE:mdm_0 -
   /opt/Xilinx/12.3/ISE_DS/EDK/hw/XilinxProcessorIPLib/pcores/mdm_v1_00_g/data/m
   dm_v2_1_0.mpd line 87 - tool is overriding PARAMETER C_SPLB_NUM_MASTERS value
   to 3
INFO:EDK:1560 - IPNAME:xps_intc INSTANCE:xps_intc_0 -
   /opt/Xilinx/12.3/ISE_DS/EDK/hw/XilinxProcessorIPLib/pcores/xps_intc_v2_01_a/d
   ata/xps_intc_v2_1_0.mpd line 71 - tool is overriding PARAMETER C_SPLB_DWIDTH
   value to 64
INFO:EDK:1560 - IPNAME:xps_intc INSTANCE:xps_intc_0 -
   /opt/Xilinx/12.3/ISE_DS/EDK/hw/XilinxProcessorIPLib/pcores/xps_intc_v2_01_a/d
   ata/xps_intc_v2_1_0.mpd line 73 - tool is overriding PARAMETER
   C_SPLB_NUM_MASTERS value to 3
INFO:EDK:1560 - IPNAME:xps_intc INSTANCE:xps_intc_0 -
   /opt/Xilinx/12.3/ISE_DS/EDK/hw/XilinxProcessorIPLib/pcores/xps_intc_v2_01_a/d
   ata/xps_intc_v2_1_0.mpd line 74 - tool is overriding PARAMETER
   C_SPLB_MID_WIDTH value to 2
INFO:EDK:1560 - IPNAME:plbv46_dcr_bridge INSTANCE:plbv46_dcr_bridge_0 -
   /home/rihuber/reconos/projects/sort_demo/hw/edk-static/pcores/plbv46_dcr_brid
   ge_v9_00_a/data/plbv46_dcr_bridge_v2_1_0.mpd line 69 - tool is overriding
   PARAMETER C_SPLB_DWIDTH value to 64
INFO:EDK:1560 - IPNAME:plbv46_dcr_bridge INSTANCE:plbv46_dcr_bridge_0 -
   /home/rihuber/reconos/projects/sort_demo/hw/edk-static/pcores/plbv46_dcr_brid
   ge_v9_00_a/data/plbv46_dcr_bridge_v2_1_0.mpd line 71 - tool is overriding
   PARAMETER C_SPLB_MID_WIDTH value to 2
INFO:EDK:1560 - IPNAME:plbv46_dcr_bridge INSTANCE:plbv46_dcr_bridge_0 -
   /home/rihuber/reconos/projects/sort_demo/hw/edk-static/pcores/plbv46_dcr_brid
   ge_v9_00_a/data/plbv46_dcr_bridge_v2_1_0.mpd line 72 - tool is overriding
   PARAMETER C_SPLB_NUM_MASTERS value to 3
INFO:EDK:1560 - IPNAME:xps_timer INSTANCE:xps_timer_0 -
   /opt/Xilinx/12.3/ISE_DS/EDK/hw/XilinxProcessorIPLib/pcores/xps_timer_v1_02_a/
   data/xps_timer_v2_1_0.mpd line 75 - tool is overriding PARAMETER
   C_SPLB_DWIDTH value to 64
INFO:EDK:1560 - IPNAME:xps_timer INSTANCE:xps_timer_0 -
   /opt/Xilinx/12.3/ISE_DS/EDK/hw/XilinxProcessorIPLib/pcores/xps_timer_v1_02_a/
   data/xps_timer_v2_1_0.mpd line 77 - tool is overriding PARAMETER
   C_SPLB_MID_WIDTH value to 2
INFO:EDK:1560 - IPNAME:xps_timer INSTANCE:xps_timer_0 -
   /opt/Xilinx/12.3/ISE_DS/EDK/hw/XilinxProcessorIPLib/pcores/xps_timer_v1_02_a/
   data/xps_timer_v2_1_0.mpd line 78 - tool is overriding PARAMETER
   C_SPLB_NUM_MASTERS value to 3
INFO:EDK:1560 - IPNAME:xps_osif INSTANCE:osif_0 -
   /home/rihuber/reconos/projects/sort_demo/hw/edk-static/pcores/xps_osif_v2_01_
   a/data/xps_osif_v2_1_0.mpd line 28 - tool is overriding PARAMETER
   C_MPLB_DWIDTH value to 64

Checking platform address map ...

Checking platform configuration ...
IPNAME:dcr_v29 INSTANCE:dcr -
/home/rihuber/reconos/projects/sort_demo/hw/edk-static/system.mhs line 50 - 1
master(s) : 2 slave(s)
IPNAME:plb_v46 INSTANCE:mb_plb -
/home/rihuber/reconos/projects/sort_demo/hw/edk-static/system.mhs line 55 - 3
master(s) : 7 slave(s)
IPNAME:lmb_v10 INSTANCE:ilmb -
/home/rihuber/reconos/projects/sort_demo/hw/edk-static/system.mhs line 62 - 1
master(s) : 1 slave(s)
IPNAME:lmb_v10 INSTANCE:dlmb -
/home/rihuber/reconos/projects/sort_demo/hw/edk-static/system.mhs line 69 - 1
master(s) : 1 slave(s)

Checking port drivers...
WARNING:EDK:2098 - PORT:IWAIT CONNECTOR:ilmb_LMB_Wait -
   /opt/Xilinx/12.3/ISE_DS/EDK/hw/XilinxProcessorIPLib/pcores/microblaze_v7_30_b
   /data/microblaze_v2_1_0.mpd line 232 - No driver found. Port will be driven
   to GND!
WARNING:EDK:2098 - PORT:DWAIT CONNECTOR:dlmb_LMB_Wait -
   /opt/Xilinx/12.3/ISE_DS/EDK/hw/XilinxProcessorIPLib/pcores/microblaze_v7_30_b
   /data/microblaze_v2_1_0.mpd line 268 - No driver found. Port will be driven
   to GND!
WARNING:EDK:2098 - PORT:bscan_tdo1 CONNECTOR:bscan_tdo1 -
   /opt/Xilinx/12.3/ISE_DS/EDK/hw/XilinxProcessorIPLib/pcores/mdm_v1_00_g/data/m
   dm_v2_1_0.mpd line 228 - No driver found. Port will be driven to GND!
WARNING:EDK:2099 - PORT:bscan_tdi CONNECTOR:bscan_tdi -
   /opt/Xilinx/12.3/ISE_DS/EDK/hw/XilinxProcessorIPLib/pcores/mdm_v1_00_g/data/m
   dm_v2_1_0.mpd line 221 - floating connection!
WARNING:EDK:2099 - PORT:bscan_reset CONNECTOR:bscan_reset -
   /opt/Xilinx/12.3/ISE_DS/EDK/hw/XilinxProcessorIPLib/pcores/mdm_v1_00_g/data/m
   dm_v2_1_0.mpd line 222 - floating connection!
WARNING:EDK:2099 - PORT:bscan_shift CONNECTOR:bscan_shift -
   /opt/Xilinx/12.3/ISE_DS/EDK/hw/XilinxProcessorIPLib/pcores/mdm_v1_00_g/data/m
   dm_v2_1_0.mpd line 223 - floating connection!
WARNING:EDK:2099 - PORT:bscan_update CONNECTOR:bscan_update -
   /opt/Xilinx/12.3/ISE_DS/EDK/hw/XilinxProcessorIPLib/pcores/mdm_v1_00_g/data/m
   dm_v2_1_0.mpd line 224 - floating connection!
WARNING:EDK:2099 - PORT:bscan_capture CONNECTOR:bscan_capture -
   /opt/Xilinx/12.3/ISE_DS/EDK/hw/XilinxProcessorIPLib/pcores/mdm_v1_00_g/data/m
   dm_v2_1_0.mpd line 225 - floating connection!
WARNING:EDK:2099 - PORT:bscan_sel1 CONNECTOR:bscan_sel1 -
   /opt/Xilinx/12.3/ISE_DS/EDK/hw/XilinxProcessorIPLib/pcores/mdm_v1_00_g/data/m
   dm_v2_1_0.mpd line 226 - floating connection!
WARNING:EDK:2099 - PORT:bscan_drck1 CONNECTOR:bscan_drck1 -
   /opt/Xilinx/12.3/ISE_DS/EDK/hw/XilinxProcessorIPLib/pcores/mdm_v1_00_g/data/m
   dm_v2_1_0.mpd line 227 - floating connection!

Performing Clock DRCs...

Performing Reset DRCs...

Overriding system level properties...
INFO:EDK:1560 - IPNAME:microblaze INSTANCE:microblaze_0 -
   /opt/Xilinx/12.3/ISE_DS/EDK/hw/XilinxProcessorIPLib/pcores/microblaze_v7_30_b
   /data/microblaze_v2_1_0.mpd line 155 - tcl is overriding PARAMETER C_D_PLB
   value to 1
INFO:EDK:1560 - IPNAME:microblaze INSTANCE:microblaze_0 -
   /opt/Xilinx/12.3/ISE_DS/EDK/hw/XilinxProcessorIPLib/pcores/microblaze_v7_30_b
   /data/microblaze_v2_1_0.mpd line 157 - tcl is overriding PARAMETER C_I_PLB
   value to 1
INFO:EDK:1560 - IPNAME:microblaze INSTANCE:microblaze_0 -
   /opt/Xilinx/12.3/ISE_DS/EDK/hw/XilinxProcessorIPLib/pcores/microblaze_v7_30_b
   /data/microblaze_v2_1_0.mpd line 215 - tcl is overriding PARAMETER
   C_USE_INTERRUPT value to 1
INFO:EDK:1560 - IPNAME:microblaze INSTANCE:microblaze_0 -
   /opt/Xilinx/12.3/ISE_DS/EDK/hw/XilinxProcessorIPLib/pcores/microblaze_v7_30_b
   /data/microblaze_v2_1_0.mpd line 216 - tcl is overriding PARAMETER
   C_USE_EXT_BRK value to 1
INFO:EDK:1560 - IPNAME:microblaze INSTANCE:microblaze_0 -
   /opt/Xilinx/12.3/ISE_DS/EDK/hw/XilinxProcessorIPLib/pcores/microblaze_v7_30_b
   /data/microblaze_v2_1_0.mpd line 217 - tcl is overriding PARAMETER
   C_USE_EXT_NM_BRK value to 1
INFO:EDK:1560 - IPNAME:lmb_bram_if_cntlr INSTANCE:dlmb_cntlr -
   /opt/Xilinx/12.3/ISE_DS/EDK/hw/XilinxProcessorIPLib/pcores/lmb_bram_if_cntlr_
   v2_10_b/data/lmb_bram_if_cntlr_v2_1_0.mpd line 75 - tcl is overriding
   PARAMETER C_MASK value to 0x80000000
INFO:EDK:1560 - IPNAME:lmb_bram_if_cntlr INSTANCE:ilmb_cntlr -
   /opt/Xilinx/12.3/ISE_DS/EDK/hw/XilinxProcessorIPLib/pcores/lmb_bram_if_cntlr_
   v2_10_b/data/lmb_bram_if_cntlr_v2_1_0.mpd line 75 - tcl is overriding
   PARAMETER C_MASK value to 0x80000000
INFO:EDK:1560 - IPNAME:mpmc INSTANCE:DDR3_SDRAM -
   /opt/Xilinx/12.3/ISE_DS/EDK/hw/XilinxProcessorIPLib/pcores/mpmc_v6_02_a/data/
   mpmc_v2_1_0.mpd line 288 - tcl is overriding PARAMETER C_MEM_CAS_LATENCY
   value to 6
INFO:EDK:1560 - IPNAME:mpmc INSTANCE:DDR3_SDRAM -
   /opt/Xilinx/12.3/ISE_DS/EDK/hw/XilinxProcessorIPLib/pcores/mpmc_v6_02_a/data/
   mpmc_v2_1_0.mpd line 349 - tcl is overriding PARAMETER C_PIM0_B_SUBTYPE value
   to PLB
INFO:EDK:1560 - IPNAME:mpmc INSTANCE:DDR3_SDRAM -
   /opt/Xilinx/12.3/ISE_DS/EDK/hw/XilinxProcessorIPLib/pcores/mpmc_v6_02_a/data/
   mpmc_v2_1_0.mpd line 395 - tcl is overriding PARAMETER C_PIM1_SUBTYPE value
   to IXCL
INFO:EDK:1560 - IPNAME:mpmc INSTANCE:DDR3_SDRAM -
   /opt/Xilinx/12.3/ISE_DS/EDK/hw/XilinxProcessorIPLib/pcores/mpmc_v6_02_a/data/
   mpmc_v2_1_0.mpd line 446 - tcl is overriding PARAMETER C_PIM2_SUBTYPE value
   to DXCL
INFO:EDK:1560 - IPNAME:mpmc INSTANCE:DDR3_SDRAM -
   /opt/Xilinx/12.3/ISE_DS/EDK/hw/XilinxProcessorIPLib/pcores/mpmc_v6_02_a/data/
   mpmc_v2_1_0.mpd line 756 - tcl is overriding PARAMETER C_NCK_PER_CLK value to
   2
INFO:EDK:1560 - IPNAME:mpmc INSTANCE:DDR3_SDRAM -
   /opt/Xilinx/12.3/ISE_DS/EDK/hw/XilinxProcessorIPLib/pcores/mpmc_v6_02_a/data/
   mpmc_v2_1_0.mpd line 757 - tcl is overriding PARAMETER C_TWR value to 15000
INFO:EDK:1560 - IPNAME:mpmc INSTANCE:DDR3_SDRAM -
   /opt/Xilinx/12.3/ISE_DS/EDK/hw/XilinxProcessorIPLib/pcores/mpmc_v6_02_a/data/
   mpmc_v2_1_0.mpd line 759 - tcl is overriding PARAMETER C_CTRL_IS_WRITE_INDEX
   value to 1
INFO:EDK:1560 - IPNAME:mpmc INSTANCE:DDR3_SDRAM -
   /opt/Xilinx/12.3/ISE_DS/EDK/hw/XilinxProcessorIPLib/pcores/mpmc_v6_02_a/data/
   mpmc_v2_1_0.mpd line 769 - tcl is overriding PARAMETER
   C_CTRL_AP_COL_CNT_LOAD_INDEX value to 12
INFO:EDK:1560 - IPNAME:mpmc INSTANCE:DDR3_SDRAM -
   /opt/Xilinx/12.3/ISE_DS/EDK/hw/XilinxProcessorIPLib/pcores/mpmc_v6_02_a/data/
   mpmc_v2_1_0.mpd line 770 - tcl is overriding PARAMETER
   C_CTRL_AP_COL_CNT_ENABLE_INDEX value to 13
INFO:EDK:1560 - IPNAME:mpmc INSTANCE:DDR3_SDRAM -
   /opt/Xilinx/12.3/ISE_DS/EDK/hw/XilinxProcessorIPLib/pcores/mpmc_v6_02_a/data/
   mpmc_v2_1_0.mpd line 771 - tcl is overriding PARAMETER
   C_CTRL_AP_PRECHARGE_ADDR10_INDEX value to 14
INFO:EDK:1560 - IPNAME:mpmc INSTANCE:DDR3_SDRAM -
   /opt/Xilinx/12.3/ISE_DS/EDK/hw/XilinxProcessorIPLib/pcores/mpmc_v6_02_a/data/
   mpmc_v2_1_0.mpd line 772 - tcl is overriding PARAMETER
   C_CTRL_AP_ROW_COL_SEL_INDEX value to 15
INFO:EDK:1560 - IPNAME:mpmc INSTANCE:DDR3_SDRAM -
   /opt/Xilinx/12.3/ISE_DS/EDK/hw/XilinxProcessorIPLib/pcores/mpmc_v6_02_a/data/
   mpmc_v2_1_0.mpd line 774 - tcl is overriding PARAMETER C_CTRL_REPEAT4_INDEX
   value to 17
INFO:EDK:1560 - IPNAME:mpmc INSTANCE:DDR3_SDRAM -
   /opt/Xilinx/12.3/ISE_DS/EDK/hw/XilinxProcessorIPLib/pcores/mpmc_v6_02_a/data/
   mpmc_v2_1_0.mpd line 775 - tcl is overriding PARAMETER
   C_CTRL_DFI_RAS_N_0_INDEX value to 2
INFO:EDK:1560 - IPNAME:mpmc INSTANCE:DDR3_SDRAM -
   /opt/Xilinx/12.3/ISE_DS/EDK/hw/XilinxProcessorIPLib/pcores/mpmc_v6_02_a/data/
   mpmc_v2_1_0.mpd line 776 - tcl is overriding PARAMETER
   C_CTRL_DFI_CAS_N_0_INDEX value to 3
INFO:EDK:1560 - IPNAME:mpmc INSTANCE:DDR3_SDRAM -
   /opt/Xilinx/12.3/ISE_DS/EDK/hw/XilinxProcessorIPLib/pcores/mpmc_v6_02_a/data/
   mpmc_v2_1_0.mpd line 777 - tcl is overriding PARAMETER
   C_CTRL_DFI_WE_N_0_INDEX value to 4
INFO:EDK:1560 - IPNAME:mpmc INSTANCE:DDR3_SDRAM -
   /opt/Xilinx/12.3/ISE_DS/EDK/hw/XilinxProcessorIPLib/pcores/mpmc_v6_02_a/data/
   mpmc_v2_1_0.mpd line 778 - tcl is overriding PARAMETER
   C_CTRL_DFI_RAS_N_1_INDEX value to 20
INFO:EDK:1560 - IPNAME:mpmc INSTANCE:DDR3_SDRAM -
   /opt/Xilinx/12.3/ISE_DS/EDK/hw/XilinxProcessorIPLib/pcores/mpmc_v6_02_a/data/
   mpmc_v2_1_0.mpd line 779 - tcl is overriding PARAMETER
   C_CTRL_DFI_CAS_N_1_INDEX value to 21
INFO:EDK:1560 - IPNAME:mpmc INSTANCE:DDR3_SDRAM -
   /opt/Xilinx/12.3/ISE_DS/EDK/hw/XilinxProcessorIPLib/pcores/mpmc_v6_02_a/data/
   mpmc_v2_1_0.mpd line 780 - tcl is overriding PARAMETER
   C_CTRL_DFI_WE_N_1_INDEX value to 22
INFO:EDK:1560 - IPNAME:mpmc INSTANCE:DDR3_SDRAM -
   /opt/Xilinx/12.3/ISE_DS/EDK/hw/XilinxProcessorIPLib/pcores/mpmc_v6_02_a/data/
   mpmc_v2_1_0.mpd line 781 - tcl is overriding PARAMETER
   C_CTRL_DP_WRFIFO_POP_INDEX value to 8
INFO:EDK:1560 - IPNAME:mpmc INSTANCE:DDR3_SDRAM -
   /opt/Xilinx/12.3/ISE_DS/EDK/hw/XilinxProcessorIPLib/pcores/mpmc_v6_02_a/data/
   mpmc_v2_1_0.mpd line 782 - tcl is overriding PARAMETER
   C_CTRL_DFI_WRDATA_EN_INDEX value to 18
INFO:EDK:1560 - IPNAME:mpmc INSTANCE:DDR3_SDRAM -
   /opt/Xilinx/12.3/ISE_DS/EDK/hw/XilinxProcessorIPLib/pcores/mpmc_v6_02_a/data/
   mpmc_v2_1_0.mpd line 783 - tcl is overriding PARAMETER
   C_CTRL_DFI_RDDATA_EN_INDEX value to 19
INFO:EDK:1560 - IPNAME:mpmc INSTANCE:DDR3_SDRAM -
   /opt/Xilinx/12.3/ISE_DS/EDK/hw/XilinxProcessorIPLib/pcores/mpmc_v6_02_a/data/
   mpmc_v2_1_0.mpd line 784 - tcl is overriding PARAMETER
   C_CTRL_AP_OTF_ADDR12_INDEX value to 23
INFO:EDK:1560 - IPNAME:mpmc INSTANCE:DDR3_SDRAM -
   /opt/Xilinx/12.3/ISE_DS/EDK/hw/XilinxProcessorIPLib/pcores/mpmc_v6_02_a/data/
   mpmc_v2_1_0.mpd line 786 - tcl is overriding PARAMETER C_CTRL_AP_COL_DELAY
   value to 1
INFO:EDK:1560 - IPNAME:mpmc INSTANCE:DDR3_SDRAM -
   /opt/Xilinx/12.3/ISE_DS/EDK/hw/XilinxProcessorIPLib/pcores/mpmc_v6_02_a/data/
   mpmc_v2_1_0.mpd line 790 - tcl is overriding PARAMETER
   C_CTRL_DP_LOAD_RDWDADDR_DELAY value to 2
INFO:EDK:1560 - IPNAME:mpmc INSTANCE:DDR3_SDRAM -
   /opt/Xilinx/12.3/ISE_DS/EDK/hw/XilinxProcessorIPLib/pcores/mpmc_v6_02_a/data/
   mpmc_v2_1_0.mpd line 791 - tcl is overriding PARAMETER
   C_CTRL_DP_RDFIFO_WHICHPORT_DELAY value to 15
INFO:EDK:1560 - IPNAME:mpmc INSTANCE:DDR3_SDRAM -
   /opt/Xilinx/12.3/ISE_DS/EDK/hw/XilinxProcessorIPLib/pcores/mpmc_v6_02_a/data/
   mpmc_v2_1_0.mpd line 792 - tcl is overriding PARAMETER C_CTRL_DP_SIZE_DELAY
   value to 2
INFO:EDK:1560 - IPNAME:mpmc INSTANCE:DDR3_SDRAM -
   /opt/Xilinx/12.3/ISE_DS/EDK/hw/XilinxProcessorIPLib/pcores/mpmc_v6_02_a/data/
   mpmc_v2_1_0.mpd line 793 - tcl is overriding PARAMETER
   C_CTRL_DP_WRFIFO_WHICHPORT_DELAY value to 1
INFO:EDK:1560 - IPNAME:mpmc INSTANCE:DDR3_SDRAM -
   /opt/Xilinx/12.3/ISE_DS/EDK/hw/XilinxProcessorIPLib/pcores/mpmc_v6_02_a/data/
   mpmc_v2_1_0.mpd line 794 - tcl is overriding PARAMETER
   C_CTRL_PHYIF_DUMMYREADSTART_DELAY value to 5
INFO:EDK:1560 - IPNAME:mpmc INSTANCE:DDR3_SDRAM -
   /opt/Xilinx/12.3/ISE_DS/EDK/hw/XilinxProcessorIPLib/pcores/mpmc_v6_02_a/data/
   mpmc_v2_1_0.mpd line 795 - tcl is overriding PARAMETER C_CTRL_Q0_DELAY value
   to 1
INFO:EDK:1560 - IPNAME:mpmc INSTANCE:DDR3_SDRAM -
   /opt/Xilinx/12.3/ISE_DS/EDK/hw/XilinxProcessorIPLib/pcores/mpmc_v6_02_a/data/
   mpmc_v2_1_0.mpd line 796 - tcl is overriding PARAMETER C_CTRL_Q1_DELAY value
   to 1
INFO:EDK:1560 - IPNAME:mpmc INSTANCE:DDR3_SDRAM -
   /opt/Xilinx/12.3/ISE_DS/EDK/hw/XilinxProcessorIPLib/pcores/mpmc_v6_02_a/data/
   mpmc_v2_1_0.mpd line 797 - tcl is overriding PARAMETER C_CTRL_Q2_DELAY value
   to 2
INFO:EDK:1560 - IPNAME:mpmc INSTANCE:DDR3_SDRAM -
   /opt/Xilinx/12.3/ISE_DS/EDK/hw/XilinxProcessorIPLib/pcores/mpmc_v6_02_a/data/
   mpmc_v2_1_0.mpd line 798 - tcl is overriding PARAMETER C_CTRL_Q3_DELAY value
   to 2
INFO:EDK:1560 - IPNAME:mpmc INSTANCE:DDR3_SDRAM -
   /opt/Xilinx/12.3/ISE_DS/EDK/hw/XilinxProcessorIPLib/pcores/mpmc_v6_02_a/data/
   mpmc_v2_1_0.mpd line 799 - tcl is overriding PARAMETER C_CTRL_Q4_DELAY value
   to 2
INFO:EDK:1560 - IPNAME:mpmc INSTANCE:DDR3_SDRAM -
   /opt/Xilinx/12.3/ISE_DS/EDK/hw/XilinxProcessorIPLib/pcores/mpmc_v6_02_a/data/
   mpmc_v2_1_0.mpd line 803 - tcl is overriding PARAMETER C_CTRL_Q8_DELAY value
   to 1
INFO:EDK:1560 - IPNAME:mpmc INSTANCE:DDR3_SDRAM -
   /opt/Xilinx/12.3/ISE_DS/EDK/hw/XilinxProcessorIPLib/pcores/mpmc_v6_02_a/data/
   mpmc_v2_1_0.mpd line 807 - tcl is overriding PARAMETER C_CTRL_Q12_DELAY value
   to 1
INFO:EDK:1560 - IPNAME:mpmc INSTANCE:DDR3_SDRAM -
   /opt/Xilinx/12.3/ISE_DS/EDK/hw/XilinxProcessorIPLib/pcores/mpmc_v6_02_a/data/
   mpmc_v2_1_0.mpd line 808 - tcl is overriding PARAMETER C_CTRL_Q13_DELAY value
   to 1
INFO:EDK:1560 - IPNAME:mpmc INSTANCE:DDR3_SDRAM -
   /opt/Xilinx/12.3/ISE_DS/EDK/hw/XilinxProcessorIPLib/pcores/mpmc_v6_02_a/data/
   mpmc_v2_1_0.mpd line 809 - tcl is overriding PARAMETER C_CTRL_Q14_DELAY value
   to 1
INFO:EDK:1560 - IPNAME:mpmc INSTANCE:DDR3_SDRAM -
   /opt/Xilinx/12.3/ISE_DS/EDK/hw/XilinxProcessorIPLib/pcores/mpmc_v6_02_a/data/
   mpmc_v2_1_0.mpd line 810 - tcl is overriding PARAMETER C_CTRL_Q15_DELAY value
   to 1
INFO:EDK:1560 - IPNAME:mpmc INSTANCE:DDR3_SDRAM -
   /opt/Xilinx/12.3/ISE_DS/EDK/hw/XilinxProcessorIPLib/pcores/mpmc_v6_02_a/data/
   mpmc_v2_1_0.mpd line 812 - tcl is overriding PARAMETER C_CTRL_Q17_DELAY value
   to 1
INFO:EDK:1560 - IPNAME:mpmc INSTANCE:DDR3_SDRAM -
   /opt/Xilinx/12.3/ISE_DS/EDK/hw/XilinxProcessorIPLib/pcores/mpmc_v6_02_a/data/
   mpmc_v2_1_0.mpd line 813 - tcl is overriding PARAMETER C_CTRL_Q18_DELAY value
   to 2
INFO:EDK:1560 - IPNAME:mpmc INSTANCE:DDR3_SDRAM -
   /opt/Xilinx/12.3/ISE_DS/EDK/hw/XilinxProcessorIPLib/pcores/mpmc_v6_02_a/data/
   mpmc_v2_1_0.mpd line 814 - tcl is overriding PARAMETER C_CTRL_Q19_DELAY value
   to 2
INFO:EDK:1560 - IPNAME:mpmc INSTANCE:DDR3_SDRAM -
   /opt/Xilinx/12.3/ISE_DS/EDK/hw/XilinxProcessorIPLib/pcores/mpmc_v6_02_a/data/
   mpmc_v2_1_0.mpd line 815 - tcl is overriding PARAMETER C_CTRL_Q20_DELAY value
   to 2
INFO:EDK:1560 - IPNAME:mpmc INSTANCE:DDR3_SDRAM -
   /opt/Xilinx/12.3/ISE_DS/EDK/hw/XilinxProcessorIPLib/pcores/mpmc_v6_02_a/data/
   mpmc_v2_1_0.mpd line 816 - tcl is overriding PARAMETER C_CTRL_Q21_DELAY value
   to 2
INFO:EDK:1560 - IPNAME:mpmc INSTANCE:DDR3_SDRAM -
   /opt/Xilinx/12.3/ISE_DS/EDK/hw/XilinxProcessorIPLib/pcores/mpmc_v6_02_a/data/
   mpmc_v2_1_0.mpd line 817 - tcl is overriding PARAMETER C_CTRL_Q22_DELAY value
   to 2
INFO:EDK:1560 - IPNAME:mpmc INSTANCE:DDR3_SDRAM -
   /opt/Xilinx/12.3/ISE_DS/EDK/hw/XilinxProcessorIPLib/pcores/mpmc_v6_02_a/data/
   mpmc_v2_1_0.mpd line 818 - tcl is overriding PARAMETER C_CTRL_Q23_DELAY value
   to 1
INFO:EDK:1560 - IPNAME:mpmc INSTANCE:DDR3_SDRAM -
   /opt/Xilinx/12.3/ISE_DS/EDK/hw/XilinxProcessorIPLib/pcores/mpmc_v6_02_a/data/
   mpmc_v2_1_0.mpd line 831 - tcl is overriding PARAMETER C_SKIP_1_VALUE value
   to 0x001
INFO:EDK:1560 - IPNAME:mpmc INSTANCE:DDR3_SDRAM -
   /opt/Xilinx/12.3/ISE_DS/EDK/hw/XilinxProcessorIPLib/pcores/mpmc_v6_02_a/data/
   mpmc_v2_1_0.mpd line 832 - tcl is overriding PARAMETER C_SKIP_2_VALUE value
   to 0x001
INFO:EDK:1560 - IPNAME:mpmc INSTANCE:DDR3_SDRAM -
   /opt/Xilinx/12.3/ISE_DS/EDK/hw/XilinxProcessorIPLib/pcores/mpmc_v6_02_a/data/
   mpmc_v2_1_0.mpd line 833 - tcl is overriding PARAMETER C_SKIP_3_VALUE value
   to 0x001
INFO:EDK:1560 - IPNAME:mpmc INSTANCE:DDR3_SDRAM -
   /opt/Xilinx/12.3/ISE_DS/EDK/hw/XilinxProcessorIPLib/pcores/mpmc_v6_02_a/data/
   mpmc_v2_1_0.mpd line 834 - tcl is overriding PARAMETER C_SKIP_4_VALUE value
   to 0x001
INFO:EDK:1560 - IPNAME:mpmc INSTANCE:DDR3_SDRAM -
   /opt/Xilinx/12.3/ISE_DS/EDK/hw/XilinxProcessorIPLib/pcores/mpmc_v6_02_a/data/
   mpmc_v2_1_0.mpd line 835 - tcl is overriding PARAMETER C_SKIP_5_VALUE value
   to 0x001
INFO:EDK:1560 - IPNAME:mpmc INSTANCE:DDR3_SDRAM -
   /opt/Xilinx/12.3/ISE_DS/EDK/hw/XilinxProcessorIPLib/pcores/mpmc_v6_02_a/data/
   mpmc_v2_1_0.mpd line 836 - tcl is overriding PARAMETER C_SKIP_6_VALUE value
   to 0x001
INFO:EDK:1560 - IPNAME:mpmc INSTANCE:DDR3_SDRAM -
   /opt/Xilinx/12.3/ISE_DS/EDK/hw/XilinxProcessorIPLib/pcores/mpmc_v6_02_a/data/
   mpmc_v2_1_0.mpd line 837 - tcl is overriding PARAMETER C_SKIP_7_VALUE value
   to 0x001
INFO:EDK:1560 - IPNAME:mpmc INSTANCE:DDR3_SDRAM -
   /opt/Xilinx/12.3/ISE_DS/EDK/hw/XilinxProcessorIPLib/pcores/mpmc_v6_02_a/data/
   mpmc_v2_1_0.mpd line 841 - tcl is overriding PARAMETER C_ZQCS_REPEAT_CNT
   value to 6
INFO:EDK:1560 - IPNAME:mpmc INSTANCE:DDR3_SDRAM -
   /opt/Xilinx/12.3/ISE_DS/EDK/hw/XilinxProcessorIPLib/pcores/mpmc_v6_02_a/data/
   mpmc_v2_1_0.mpd line 843 - tcl is overriding PARAMETER C_HIGHADDR_CTRL0 value
   to 0x00f
INFO:EDK:1560 - IPNAME:mpmc INSTANCE:DDR3_SDRAM -
   /opt/Xilinx/12.3/ISE_DS/EDK/hw/XilinxProcessorIPLib/pcores/mpmc_v6_02_a/data/
   mpmc_v2_1_0.mpd line 844 - tcl is overriding PARAMETER C_BASEADDR_CTRL1 value
   to 0x010
INFO:EDK:1560 - IPNAME:mpmc INSTANCE:DDR3_SDRAM -
   /opt/Xilinx/12.3/ISE_DS/EDK/hw/XilinxProcessorIPLib/pcores/mpmc_v6_02_a/data/
   mpmc_v2_1_0.mpd line 845 - tcl is overriding PARAMETER C_HIGHADDR_CTRL1 value
   to 0x01b
INFO:EDK:1560 - IPNAME:mpmc INSTANCE:DDR3_SDRAM -
   /opt/Xilinx/12.3/ISE_DS/EDK/hw/XilinxProcessorIPLib/pcores/mpmc_v6_02_a/data/
   mpmc_v2_1_0.mpd line 846 - tcl is overriding PARAMETER C_BASEADDR_CTRL2 value
   to 0x01c
INFO:EDK:1560 - IPNAME:mpmc INSTANCE:DDR3_SDRAM -
   /opt/Xilinx/12.3/ISE_DS/EDK/hw/XilinxProcessorIPLib/pcores/mpmc_v6_02_a/data/
   mpmc_v2_1_0.mpd line 847 - tcl is overriding PARAMETER C_HIGHADDR_CTRL2 value
   to 0x02b
INFO:EDK:1560 - IPNAME:mpmc INSTANCE:DDR3_SDRAM -
   /opt/Xilinx/12.3/ISE_DS/EDK/hw/XilinxProcessorIPLib/pcores/mpmc_v6_02_a/data/
   mpmc_v2_1_0.mpd line 848 - tcl is overriding PARAMETER C_BASEADDR_CTRL3 value
   to 0x02c
INFO:EDK:1560 - IPNAME:mpmc INSTANCE:DDR3_SDRAM -
   /opt/Xilinx/12.3/ISE_DS/EDK/hw/XilinxProcessorIPLib/pcores/mpmc_v6_02_a/data/
   mpmc_v2_1_0.mpd line 849 - tcl is overriding PARAMETER C_HIGHADDR_CTRL3 value
   to 0x037
INFO:EDK:1560 - IPNAME:mpmc INSTANCE:DDR3_SDRAM -
   /opt/Xilinx/12.3/ISE_DS/EDK/hw/XilinxProcessorIPLib/pcores/mpmc_v6_02_a/data/
   mpmc_v2_1_0.mpd line 850 - tcl is overriding PARAMETER C_BASEADDR_CTRL4 value
   to 0x038
INFO:EDK:1560 - IPNAME:mpmc INSTANCE:DDR3_SDRAM -
   /opt/Xilinx/12.3/ISE_DS/EDK/hw/XilinxProcessorIPLib/pcores/mpmc_v6_02_a/data/
   mpmc_v2_1_0.mpd line 851 - tcl is overriding PARAMETER C_HIGHADDR_CTRL4 value
   to 0x047
INFO:EDK:1560 - IPNAME:mpmc INSTANCE:DDR3_SDRAM -
   /opt/Xilinx/12.3/ISE_DS/EDK/hw/XilinxProcessorIPLib/pcores/mpmc_v6_02_a/data/
   mpmc_v2_1_0.mpd line 852 - tcl is overriding PARAMETER C_BASEADDR_CTRL5 value
   to 0x048
INFO:EDK:1560 - IPNAME:mpmc INSTANCE:DDR3_SDRAM -
   /opt/Xilinx/12.3/ISE_DS/EDK/hw/XilinxProcessorIPLib/pcores/mpmc_v6_02_a/data/
   mpmc_v2_1_0.mpd line 853 - tcl is overriding PARAMETER C_HIGHADDR_CTRL5 value
   to 0x053
INFO:EDK:1560 - IPNAME:mpmc INSTANCE:DDR3_SDRAM -
   /opt/Xilinx/12.3/ISE_DS/EDK/hw/XilinxProcessorIPLib/pcores/mpmc_v6_02_a/data/
   mpmc_v2_1_0.mpd line 854 - tcl is overriding PARAMETER C_BASEADDR_CTRL6 value
   to 0x054
INFO:EDK:1560 - IPNAME:mpmc INSTANCE:DDR3_SDRAM -
   /opt/Xilinx/12.3/ISE_DS/EDK/hw/XilinxProcessorIPLib/pcores/mpmc_v6_02_a/data/
   mpmc_v2_1_0.mpd line 855 - tcl is overriding PARAMETER C_HIGHADDR_CTRL6 value
   to 0x063
INFO:EDK:1560 - IPNAME:mpmc INSTANCE:DDR3_SDRAM -
   /opt/Xilinx/12.3/ISE_DS/EDK/hw/XilinxProcessorIPLib/pcores/mpmc_v6_02_a/data/
   mpmc_v2_1_0.mpd line 856 - tcl is overriding PARAMETER C_BASEADDR_CTRL7 value
   to 0x064
INFO:EDK:1560 - IPNAME:mpmc INSTANCE:DDR3_SDRAM -
   /opt/Xilinx/12.3/ISE_DS/EDK/hw/XilinxProcessorIPLib/pcores/mpmc_v6_02_a/data/
   mpmc_v2_1_0.mpd line 857 - tcl is overriding PARAMETER C_HIGHADDR_CTRL7 value
   to 0x06f
INFO:EDK:1560 - IPNAME:mpmc INSTANCE:DDR3_SDRAM -
   /opt/Xilinx/12.3/ISE_DS/EDK/hw/XilinxProcessorIPLib/pcores/mpmc_v6_02_a/data/
   mpmc_v2_1_0.mpd line 858 - tcl is overriding PARAMETER C_BASEADDR_CTRL8 value
   to 0x070
INFO:EDK:1560 - IPNAME:mpmc INSTANCE:DDR3_SDRAM -
   /opt/Xilinx/12.3/ISE_DS/EDK/hw/XilinxProcessorIPLib/pcores/mpmc_v6_02_a/data/
   mpmc_v2_1_0.mpd line 859 - tcl is overriding PARAMETER C_HIGHADDR_CTRL8 value
   to 0x081
INFO:EDK:1560 - IPNAME:mpmc INSTANCE:DDR3_SDRAM -
   /opt/Xilinx/12.3/ISE_DS/EDK/hw/XilinxProcessorIPLib/pcores/mpmc_v6_02_a/data/
   mpmc_v2_1_0.mpd line 860 - tcl is overriding PARAMETER C_BASEADDR_CTRL9 value
   to 0x082
INFO:EDK:1560 - IPNAME:mpmc INSTANCE:DDR3_SDRAM -
   /opt/Xilinx/12.3/ISE_DS/EDK/hw/XilinxProcessorIPLib/pcores/mpmc_v6_02_a/data/
   mpmc_v2_1_0.mpd line 861 - tcl is overriding PARAMETER C_HIGHADDR_CTRL9 value
   to 0x08e
INFO:EDK:1560 - IPNAME:mpmc INSTANCE:DDR3_SDRAM -
   /opt/Xilinx/12.3/ISE_DS/EDK/hw/XilinxProcessorIPLib/pcores/mpmc_v6_02_a/data/
   mpmc_v2_1_0.mpd line 862 - tcl is overriding PARAMETER C_BASEADDR_CTRL10
   value to 0x08f
INFO:EDK:1560 - IPNAME:mpmc INSTANCE:DDR3_SDRAM -
   /opt/Xilinx/12.3/ISE_DS/EDK/hw/XilinxProcessorIPLib/pcores/mpmc_v6_02_a/data/
   mpmc_v2_1_0.mpd line 863 - tcl is overriding PARAMETER C_HIGHADDR_CTRL10
   value to 0x0a4
INFO:EDK:1560 - IPNAME:mpmc INSTANCE:DDR3_SDRAM -
   /opt/Xilinx/12.3/ISE_DS/EDK/hw/XilinxProcessorIPLib/pcores/mpmc_v6_02_a/data/
   mpmc_v2_1_0.mpd line 864 - tcl is overriding PARAMETER C_BASEADDR_CTRL11
   value to 0x0a5
INFO:EDK:1560 - IPNAME:mpmc INSTANCE:DDR3_SDRAM -
   /opt/Xilinx/12.3/ISE_DS/EDK/hw/XilinxProcessorIPLib/pcores/mpmc_v6_02_a/data/
   mpmc_v2_1_0.mpd line 865 - tcl is overriding PARAMETER C_HIGHADDR_CTRL11
   value to 0x0b5
INFO:EDK:1560 - IPNAME:mpmc INSTANCE:DDR3_SDRAM -
   /opt/Xilinx/12.3/ISE_DS/EDK/hw/XilinxProcessorIPLib/pcores/mpmc_v6_02_a/data/
   mpmc_v2_1_0.mpd line 866 - tcl is overriding PARAMETER C_BASEADDR_CTRL12
   value to 0x0b6
INFO:EDK:1560 - IPNAME:mpmc INSTANCE:DDR3_SDRAM -
   /opt/Xilinx/12.3/ISE_DS/EDK/hw/XilinxProcessorIPLib/pcores/mpmc_v6_02_a/data/
   mpmc_v2_1_0.mpd line 867 - tcl is overriding PARAMETER C_HIGHADDR_CTRL12
   value to 0x0d3
INFO:EDK:1560 - IPNAME:mpmc INSTANCE:DDR3_SDRAM -
   /opt/Xilinx/12.3/ISE_DS/EDK/hw/XilinxProcessorIPLib/pcores/mpmc_v6_02_a/data/
   mpmc_v2_1_0.mpd line 868 - tcl is overriding PARAMETER C_BASEADDR_CTRL13
   value to 0x0d4
INFO:EDK:1560 - IPNAME:mpmc INSTANCE:DDR3_SDRAM -
   /opt/Xilinx/12.3/ISE_DS/EDK/hw/XilinxProcessorIPLib/pcores/mpmc_v6_02_a/data/
   mpmc_v2_1_0.mpd line 869 - tcl is overriding PARAMETER C_HIGHADDR_CTRL13
   value to 0x0ec
INFO:EDK:1560 - IPNAME:mpmc INSTANCE:DDR3_SDRAM -
   /opt/Xilinx/12.3/ISE_DS/EDK/hw/XilinxProcessorIPLib/pcores/mpmc_v6_02_a/data/
   mpmc_v2_1_0.mpd line 870 - tcl is overriding PARAMETER C_BASEADDR_CTRL14
   value to 0x0ed
INFO:EDK:1560 - IPNAME:mpmc INSTANCE:DDR3_SDRAM -
   /opt/Xilinx/12.3/ISE_DS/EDK/hw/XilinxProcessorIPLib/pcores/mpmc_v6_02_a/data/
   mpmc_v2_1_0.mpd line 871 - tcl is overriding PARAMETER C_HIGHADDR_CTRL14
   value to 0x106
INFO:EDK:1560 - IPNAME:mpmc INSTANCE:DDR3_SDRAM -
   /opt/Xilinx/12.3/ISE_DS/EDK/hw/XilinxProcessorIPLib/pcores/mpmc_v6_02_a/data/
   mpmc_v2_1_0.mpd line 872 - tcl is overriding PARAMETER C_BASEADDR_CTRL15
   value to 0x107
INFO:EDK:1560 - IPNAME:mpmc INSTANCE:DDR3_SDRAM -
   /opt/Xilinx/12.3/ISE_DS/EDK/hw/XilinxProcessorIPLib/pcores/mpmc_v6_02_a/data/
   mpmc_v2_1_0.mpd line 873 - tcl is overriding PARAMETER C_HIGHADDR_CTRL15
   value to 0x107
INFO:EDK:1560 - IPNAME:mpmc INSTANCE:DDR3_SDRAM -
   /opt/Xilinx/12.3/ISE_DS/EDK/hw/XilinxProcessorIPLib/pcores/mpmc_v6_02_a/data/
   mpmc_v2_1_0.mpd line 874 - tcl is overriding PARAMETER C_BASEADDR_CTRL16
   value to 0x108
INFO:EDK:1560 - IPNAME:mpmc INSTANCE:DDR3_SDRAM -
   /opt/Xilinx/12.3/ISE_DS/EDK/hw/XilinxProcessorIPLib/pcores/mpmc_v6_02_a/data/
   mpmc_v2_1_0.mpd line 875 - tcl is overriding PARAMETER C_HIGHADDR_CTRL16
   value to 0x110
INFO:EDK:1560 - IPNAME:mpmc INSTANCE:DDR3_SDRAM -
   /opt/Xilinx/12.3/ISE_DS/EDK/hw/XilinxProcessorIPLib/pcores/mpmc_v6_02_a/data/
   mpmc_v2_1_0.mpd line 905 - tcl is overriding PARAMETER C_CTRL_BRAM_INIT_22
   value to 0x000002FC000002FC000002FC000002FC000002FC000002FC000002FC0070001C
INFO:EDK:1560 - IPNAME:mpmc INSTANCE:DDR3_SDRAM -
   /opt/Xilinx/12.3/ISE_DS/EDK/hw/XilinxProcessorIPLib/pcores/mpmc_v6_02_a/data/
   mpmc_v2_1_0.mpd line 906 - tcl is overriding PARAMETER C_CTRL_BRAM_INIT_21
   value to 0x0070001C0070001C0070001C0070001C0070001D0070001C0072001C0070000C
INFO:EDK:1560 - IPNAME:mpmc INSTANCE:DDR3_SDRAM -
   /opt/Xilinx/12.3/ISE_DS/EDK/hw/XilinxProcessorIPLib/pcores/mpmc_v6_02_a/data/
   mpmc_v2_1_0.mpd line 907 - tcl is overriding PARAMETER C_CTRL_BRAM_INIT_20
   value to 0x0070001C0070001C0070001C0070001C0070001C0070001C0070001D0070001C
INFO:EDK:1560 - IPNAME:mpmc INSTANCE:DDR3_SDRAM -
   /opt/Xilinx/12.3/ISE_DS/EDK/hw/XilinxProcessorIPLib/pcores/mpmc_v6_02_a/data/
   mpmc_v2_1_0.mpd line 908 - tcl is overriding PARAMETER C_CTRL_BRAM_INIT_1F
   value to 0x0070001C0070001C0070001C0070001C0070001C0070001C0070001C0070001C
INFO:EDK:1560 - IPNAME:mpmc INSTANCE:DDR3_SDRAM -
   /opt/Xilinx/12.3/ISE_DS/EDK/hw/XilinxProcessorIPLib/pcores/mpmc_v6_02_a/data/
   mpmc_v2_1_0.mpd line 909 - tcl is overriding PARAMETER C_CTRL_BRAM_INIT_1E
   value to 0x0070001C0070001C0070001C0070001C0070001C0070001C0070001C0040001C
INFO:EDK:1560 - IPNAME:mpmc INSTANCE:DDR3_SDRAM -
   /opt/Xilinx/12.3/ISE_DS/EDK/hw/XilinxProcessorIPLib/pcores/mpmc_v6_02_a/data/
   mpmc_v2_1_0.mpd line 910 - tcl is overriding PARAMETER C_CTRL_BRAM_INIT_1D
   value to 0x0070001C0070001C007040080070001C0070001C0070001C0070001C0020401C
INFO:EDK:1560 - IPNAME:mpmc INSTANCE:DDR3_SDRAM -
   /opt/Xilinx/12.3/ISE_DS/EDK/hw/XilinxProcessorIPLib/pcores/mpmc_v6_02_a/data/
   mpmc_v2_1_0.mpd line 911 - tcl is overriding PARAMETER C_CTRL_BRAM_INIT_1C
   value to 0x0078001D00D8201C0078001C00D8201C0078001C00D8201C0078001C00D8201C
INFO:EDK:1560 - IPNAME:mpmc INSTANCE:DDR3_SDRAM -
   /opt/Xilinx/12.3/ISE_DS/EDK/hw/XilinxProcessorIPLib/pcores/mpmc_v6_02_a/data/
   mpmc_v2_1_0.mpd line 912 - tcl is overriding PARAMETER C_CTRL_BRAM_INIT_1B
   value to 0x0078001C00D8201C0078001C00D8201C0078001C00D8201C0078001C00D8201C
INFO:EDK:1560 - IPNAME:mpmc INSTANCE:DDR3_SDRAM -
   /opt/Xilinx/12.3/ISE_DS/EDK/hw/XilinxProcessorIPLib/pcores/mpmc_v6_02_a/data/
   mpmc_v2_1_0.mpd line 913 - tcl is overriding PARAMETER C_CTRL_BRAM_INIT_1A
   value to 0x0070101C0070001C007080180070001C0070001E0070001E0070001E0070400A
INFO:EDK:1560 - IPNAME:mpmc INSTANCE:DDR3_SDRAM -
   /opt/Xilinx/12.3/ISE_DS/EDK/hw/XilinxProcessorIPLib/pcores/mpmc_v6_02_a/data/
   mpmc_v2_1_0.mpd line 914 - tcl is overriding PARAMETER C_CTRL_BRAM_INIT_19
   value to 0x0070001E0070001F0070001E0070001E0070001E0070201E0074001E0094201E
INFO:EDK:1560 - IPNAME:mpmc INSTANCE:DDR3_SDRAM -
   /opt/Xilinx/12.3/ISE_DS/EDK/hw/XilinxProcessorIPLib/pcores/mpmc_v6_02_a/data/
   mpmc_v2_1_0.mpd line 915 - tcl is overriding PARAMETER C_CTRL_BRAM_INIT_18
   value to 0x0074011E0094211E0074011E0094211E0074011E0094211E0074011E0094211E
INFO:EDK:1560 - IPNAME:mpmc INSTANCE:DDR3_SDRAM -
   /opt/Xilinx/12.3/ISE_DS/EDK/hw/XilinxProcessorIPLib/pcores/mpmc_v6_02_a/data/
   mpmc_v2_1_0.mpd line 916 - tcl is overriding PARAMETER C_CTRL_BRAM_INIT_17
   value to 0x0074011E0094211E0074011E0094211E0074011E0094211E0070111E0070011E
INFO:EDK:1560 - IPNAME:mpmc INSTANCE:DDR3_SDRAM -
   /opt/Xilinx/12.3/ISE_DS/EDK/hw/XilinxProcessorIPLib/pcores/mpmc_v6_02_a/data/
   mpmc_v2_1_0.mpd line 917 - tcl is overriding PARAMETER C_CTRL_BRAM_INIT_16
   value to 0x0070801A0070001E0070001C0070001C0070001C0070001C0020401C0078001D
INFO:EDK:1560 - IPNAME:mpmc INSTANCE:DDR3_SDRAM -
   /opt/Xilinx/12.3/ISE_DS/EDK/hw/XilinxProcessorIPLib/pcores/mpmc_v6_02_a/data/
   mpmc_v2_1_0.mpd line 918 - tcl is overriding PARAMETER C_CTRL_BRAM_INIT_15
   value to 0x00D8201C0078001C00D8201C0078001C00D8201C0078001C00D8201C0070101C
INFO:EDK:1560 - IPNAME:mpmc INSTANCE:DDR3_SDRAM -
   /opt/Xilinx/12.3/ISE_DS/EDK/hw/XilinxProcessorIPLib/pcores/mpmc_v6_02_a/data/
   mpmc_v2_1_0.mpd line 919 - tcl is overriding PARAMETER C_CTRL_BRAM_INIT_14
   value to 0x0070001C007080180070001C0070001E0070001E0070001E0070400A0070001E
INFO:EDK:1560 - IPNAME:mpmc INSTANCE:DDR3_SDRAM -
   /opt/Xilinx/12.3/ISE_DS/EDK/hw/XilinxProcessorIPLib/pcores/mpmc_v6_02_a/data/
   mpmc_v2_1_0.mpd line 920 - tcl is overriding PARAMETER C_CTRL_BRAM_INIT_13
   value to 0x0070001F0070001E0070001E0070001E0070201E0074001E0094201E0074011E
INFO:EDK:1560 - IPNAME:mpmc INSTANCE:DDR3_SDRAM -
   /opt/Xilinx/12.3/ISE_DS/EDK/hw/XilinxProcessorIPLib/pcores/mpmc_v6_02_a/data/
   mpmc_v2_1_0.mpd line 921 - tcl is overriding PARAMETER C_CTRL_BRAM_INIT_12
   value to 0x0094211E0074011E0094211E0074011E0094211E0070111E0070011E0070801A
INFO:EDK:1560 - IPNAME:mpmc INSTANCE:DDR3_SDRAM -
   /opt/Xilinx/12.3/ISE_DS/EDK/hw/XilinxProcessorIPLib/pcores/mpmc_v6_02_a/data/
   mpmc_v2_1_0.mpd line 922 - tcl is overriding PARAMETER C_CTRL_BRAM_INIT_11
   value to 0x0070001E0070001C0070001C0070001C0070001C0020401C0078001D00D8201C
INFO:EDK:1560 - IPNAME:mpmc INSTANCE:DDR3_SDRAM -
   /opt/Xilinx/12.3/ISE_DS/EDK/hw/XilinxProcessorIPLib/pcores/mpmc_v6_02_a/data/
   mpmc_v2_1_0.mpd line 923 - tcl is overriding PARAMETER C_CTRL_BRAM_INIT_10
   value to 0x0078001C00D8201C0070101C0070001C007080180070001C0070001E0070001E
INFO:EDK:1560 - IPNAME:mpmc INSTANCE:DDR3_SDRAM -
   /opt/Xilinx/12.3/ISE_DS/EDK/hw/XilinxProcessorIPLib/pcores/mpmc_v6_02_a/data/
   mpmc_v2_1_0.mpd line 924 - tcl is overriding PARAMETER C_CTRL_BRAM_INIT_0F
   value to 0x0070001E0070400A0070001E0070001F0070001E0070001E0070001E0070201E
INFO:EDK:1560 - IPNAME:mpmc INSTANCE:DDR3_SDRAM -
   /opt/Xilinx/12.3/ISE_DS/EDK/hw/XilinxProcessorIPLib/pcores/mpmc_v6_02_a/data/
   mpmc_v2_1_0.mpd line 925 - tcl is overriding PARAMETER C_CTRL_BRAM_INIT_0E
   value to 0x0074001E0094201E0074011E0094211E0070111E0070011E0070801A0070001E
INFO:EDK:1560 - IPNAME:mpmc INSTANCE:DDR3_SDRAM -
   /opt/Xilinx/12.3/ISE_DS/EDK/hw/XilinxProcessorIPLib/pcores/mpmc_v6_02_a/data/
   mpmc_v2_1_0.mpd line 926 - tcl is overriding PARAMETER C_CTRL_BRAM_INIT_0D
   value to 0x0070001C0070001C0070001C0020401C0070001C0070001D0078001C00D8201C
INFO:EDK:1560 - IPNAME:mpmc INSTANCE:DDR3_SDRAM -
   /opt/Xilinx/12.3/ISE_DS/EDK/hw/XilinxProcessorIPLib/pcores/mpmc_v6_02_a/data/
   mpmc_v2_1_0.mpd line 927 - tcl is overriding PARAMETER C_CTRL_BRAM_INIT_0C
   value to 0x0070101C0070001C007080180070001C0070001E0070001E0070001E0070400A
INFO:EDK:1560 - IPNAME:mpmc INSTANCE:DDR3_SDRAM -
   /opt/Xilinx/12.3/ISE_DS/EDK/hw/XilinxProcessorIPLib/pcores/mpmc_v6_02_a/data/
   mpmc_v2_1_0.mpd line 928 - tcl is overriding PARAMETER C_CTRL_BRAM_INIT_0B
   value to 0x0070001E0070001F0070001E0070001E0070001E0070201E0074001E0094201E
INFO:EDK:1560 - IPNAME:mpmc INSTANCE:DDR3_SDRAM -
   /opt/Xilinx/12.3/ISE_DS/EDK/hw/XilinxProcessorIPLib/pcores/mpmc_v6_02_a/data/
   mpmc_v2_1_0.mpd line 929 - tcl is overriding PARAMETER C_CTRL_BRAM_INIT_0A
   value to 0x0070111E0070011E0070801A0070001E0070001C0070001C0070001C0020401C
INFO:EDK:1560 - IPNAME:mpmc INSTANCE:DDR3_SDRAM -
   /opt/Xilinx/12.3/ISE_DS/EDK/hw/XilinxProcessorIPLib/pcores/mpmc_v6_02_a/data/
   mpmc_v2_1_0.mpd line 930 - tcl is overriding PARAMETER C_CTRL_BRAM_INIT_09
   value to 0x0070001C0070001D0070001C0058201C0070101C0070001C007080180070001C
INFO:EDK:1560 - IPNAME:mpmc INSTANCE:DDR3_SDRAM -
   /opt/Xilinx/12.3/ISE_DS/EDK/hw/XilinxProcessorIPLib/pcores/mpmc_v6_02_a/data/
   mpmc_v2_1_0.mpd line 931 - tcl is overriding PARAMETER C_CTRL_BRAM_INIT_08
   value to 0x0070001E0070001E0070001E0070400A0070001E0070001F0070001E0070001E
INFO:EDK:1560 - IPNAME:mpmc INSTANCE:DDR3_SDRAM -
   /opt/Xilinx/12.3/ISE_DS/EDK/hw/XilinxProcessorIPLib/pcores/mpmc_v6_02_a/data/
   mpmc_v2_1_0.mpd line 932 - tcl is overriding PARAMETER C_CTRL_BRAM_INIT_07
   value to 0x0070001E0070001E0070201E0014201E0070101E0070011E0070801A0070001E
INFO:EDK:1560 - IPNAME:mpmc INSTANCE:DDR3_SDRAM -
   /opt/Xilinx/12.3/ISE_DS/EDK/hw/XilinxProcessorIPLib/pcores/mpmc_v6_02_a/data/
   mpmc_v2_1_0.mpd line 933 - tcl is overriding PARAMETER C_CTRL_BRAM_INIT_06
   value to 0x0070001C0070001C0070001C0020401C0070001C0070001D0070001C0058201C
INFO:EDK:1560 - IPNAME:mpmc INSTANCE:DDR3_SDRAM -
   /opt/Xilinx/12.3/ISE_DS/EDK/hw/XilinxProcessorIPLib/pcores/mpmc_v6_02_a/data/
   mpmc_v2_1_0.mpd line 934 - tcl is overriding PARAMETER C_CTRL_BRAM_INIT_05
   value to 0x0070101C0070001C007080180070001C0070001E0070001E0070001E0070400A
INFO:EDK:1560 - IPNAME:mpmc INSTANCE:DDR3_SDRAM -
   /opt/Xilinx/12.3/ISE_DS/EDK/hw/XilinxProcessorIPLib/pcores/mpmc_v6_02_a/data/
   mpmc_v2_1_0.mpd line 935 - tcl is overriding PARAMETER C_CTRL_BRAM_INIT_04
   value to 0x0070001E0070001F0070001E0070001E0070001E0070001E0070001E0014201E
INFO:EDK:1560 - IPNAME:mpmc INSTANCE:DDR3_SDRAM -
   /opt/Xilinx/12.3/ISE_DS/EDK/hw/XilinxProcessorIPLib/pcores/mpmc_v6_02_a/data/
   mpmc_v2_1_0.mpd line 936 - tcl is overriding PARAMETER C_CTRL_BRAM_INIT_03
   value to 0x0070101E0070011E0070801A0070001E0070001C0070001C0070001C0020401C
INFO:EDK:1560 - IPNAME:mpmc INSTANCE:DDR3_SDRAM -
   /opt/Xilinx/12.3/ISE_DS/EDK/hw/XilinxProcessorIPLib/pcores/mpmc_v6_02_a/data/
   mpmc_v2_1_0.mpd line 937 - tcl is overriding PARAMETER C_CTRL_BRAM_INIT_02
   value to 0x0070001C0070001D0070001C0058201C0070101C0070001C007080180070001C
INFO:EDK:1560 - IPNAME:mpmc INSTANCE:DDR3_SDRAM -
   /opt/Xilinx/12.3/ISE_DS/EDK/hw/XilinxProcessorIPLib/pcores/mpmc_v6_02_a/data/
   mpmc_v2_1_0.mpd line 938 - tcl is overriding PARAMETER C_CTRL_BRAM_INIT_01
   value to 0x0070001E0070001E0070001E0070400A0070001E0070001F0070001E0070001E
INFO:EDK:1560 - IPNAME:mpmc INSTANCE:DDR3_SDRAM -
   /opt/Xilinx/12.3/ISE_DS/EDK/hw/XilinxProcessorIPLib/pcores/mpmc_v6_02_a/data/
   mpmc_v2_1_0.mpd line 939 - tcl is overriding PARAMETER C_CTRL_BRAM_INIT_00
   value to 0x0070001E0070001E0070001E0014201E0070101E0070011E0070801A0070001E
INFO:EDK:1560 - IPNAME:mpmc INSTANCE:DDR3_SDRAM -
   /opt/Xilinx/12.3/ISE_DS/EDK/hw/XilinxProcessorIPLib/pcores/mpmc_v6_02_a/data/
   mpmc_v2_1_0.mpd line 945 - tcl is overriding PARAMETER C_CTRL_BRAM_INITP_03
   value to 0x0000000000000000000000000000000000000000000000000000000000000000
INFO:EDK:1560 - IPNAME:mpmc INSTANCE:DDR3_SDRAM -
   /opt/Xilinx/12.3/ISE_DS/EDK/hw/XilinxProcessorIPLib/pcores/mpmc_v6_02_a/data/
   mpmc_v2_1_0.mpd line 946 - tcl is overriding PARAMETER C_CTRL_BRAM_INITP_02
   value to 0x0000000000000000000000000000000000000000000000000000000000000000
INFO:EDK:1560 - IPNAME:mpmc INSTANCE:DDR3_SDRAM -
   /opt/Xilinx/12.3/ISE_DS/EDK/hw/XilinxProcessorIPLib/pcores/mpmc_v6_02_a/data/
   mpmc_v2_1_0.mpd line 947 - tcl is overriding PARAMETER C_CTRL_BRAM_INITP_01
   value to 0x0000000000000000000000000000000000000000000000000000000000000000
INFO:EDK:1560 - IPNAME:mpmc INSTANCE:DDR3_SDRAM -
   /opt/Xilinx/12.3/ISE_DS/EDK/hw/XilinxProcessorIPLib/pcores/mpmc_v6_02_a/data/
   mpmc_v2_1_0.mpd line 948 - tcl is overriding PARAMETER C_CTRL_BRAM_INITP_00
   value to 0x0000000000000000000000000000000000000000000000000000000000000000
INFO:EDK:1560 - IPNAME:xps_intc INSTANCE:xps_intc_0 -
   /opt/Xilinx/12.3/ISE_DS/EDK/hw/XilinxProcessorIPLib/pcores/xps_intc_v2_01_a/d
   ata/xps_intc_v2_1_0.mpd line 77 - tcl is overriding PARAMETER
   C_NUM_INTR_INPUTS value to 3
INFO:EDK:1560 - IPNAME:xps_intc INSTANCE:xps_intc_0 -
   /opt/Xilinx/12.3/ISE_DS/EDK/hw/XilinxProcessorIPLib/pcores/xps_intc_v2_01_a/d
   ata/xps_intc_v2_1_0.mpd line 78 - tcl is overriding PARAMETER C_KIND_OF_INTR
   value to 0b11111111111111111111111111111010
INFO:EDK:1560 - IPNAME:xps_intc INSTANCE:xps_intc_0 -
   /opt/Xilinx/12.3/ISE_DS/EDK/hw/XilinxProcessorIPLib/pcores/xps_intc_v2_01_a/d
   ata/xps_intc_v2_1_0.mpd line 79 - tcl is overriding PARAMETER C_KIND_OF_EDGE
   value to 0b11111111111111111111111111111111
INFO:EDK:1560 - IPNAME:xps_intc INSTANCE:xps_intc_0 -
   /opt/Xilinx/12.3/ISE_DS/EDK/hw/XilinxProcessorIPLib/pcores/xps_intc_v2_01_a/d
   ata/xps_intc_v2_1_0.mpd line 80 - tcl is overriding PARAMETER C_KIND_OF_LVL
   value to 0b11111111111111111111111111111111

Running system level update procedures...

Running UPDATE Tcl procedures for OPTION SYSLEVEL_UPDATE_PROC...

Running system level DRCs...

Performing System level DRCs on properties...

Running DRC Tcl procedures for OPTION SYSLEVEL_DRC_PROC...

Running UPDATE Tcl procedures for OPTION PLATGEN_SYSLEVEL_UPDATE_PROC...
INFO: The ilmb core has constraints automatically generated by XPS in
implementation/ilmb_wrapper/ilmb_wrapper.ucf.
It can be overridden by constraints placed in the system.ucf file.

INFO: The dlmb core has constraints automatically generated by XPS in
implementation/dlmb_wrapper/dlmb_wrapper.ucf.
It can be overridden by constraints placed in the system.ucf file.

INFO: The DDR3_SDRAM core has constraints automatically generated by XPS in
implementation/ddr3_sdram_wrapper/ddr3_sdram_wrapper.ucf.
It can be overridden by constraints placed in the system.ucf file.


Modify defaults ...

Creating stub ...

Processing licensed instances ...
Completion time: 0.00 seconds

Creating hardware output directories ...

Managing hardware (BBD-specified) netlist files ...
IPNAME:hw_task INSTANCE:hw_task_0 -
/home/rihuber/reconos/projects/sort_demo/hw/edk-static/system.mhs line 292 -
Copying (BBD-specified) netlist files.

Managing cache ...

Elaborating instances ...
IPNAME:bram_block INSTANCE:lmb_bram -
/home/rihuber/reconos/projects/sort_demo/hw/edk-static/system.mhs line 94 -
elaborating IP
IPNAME:clock_generator INSTANCE:clock_generator_0 -
/home/rihuber/reconos/projects/sort_demo/hw/edk-static/system.mhs line 177 -
elaborating IP
ClkGen elaborate status: PASSED
----------------------------------------

Writing HDL for elaborated instances ...

Inserting wrapper level ...
Completion time: 1.00 seconds

Constructing platform-level connectivity ...
Completion time: 1.00 seconds

Writing (top-level) BMM ...

Writing (top-level and wrappers) HDL ...

Generating synthesis project file ...

Running XST synthesis ...

INFO:EDK:2502 - The following instances are synthesized with XST. The MPD option
   IMP_NETLIST=TRUE indicates that a NGC file is to be produced using XST
   synthesis. IMP_NETLIST=FALSE (default) instances are not synthesized. 
INSTANCE:microblaze_0 -
/home/rihuber/reconos/projects/sort_demo/hw/edk-static/system.mhs line 24 -
Running XST synthesis
INSTANCE:dcr - /home/rihuber/reconos/projects/sort_demo/hw/edk-static/system.mhs
line 50 - Running XST synthesis
INSTANCE:mb_plb -
/home/rihuber/reconos/projects/sort_demo/hw/edk-static/system.mhs line 55 -
Running XST synthesis
INSTANCE:ilmb -
/home/rihuber/reconos/projects/sort_demo/hw/edk-static/system.mhs line 62 -
Running XST synthesis
INSTANCE:dlmb -
/home/rihuber/reconos/projects/sort_demo/hw/edk-static/system.mhs line 69 -
Running XST synthesis
INSTANCE:dlmb_cntlr -
/home/rihuber/reconos/projects/sort_demo/hw/edk-static/system.mhs line 76 -
Running XST synthesis
INSTANCE:ilmb_cntlr -
/home/rihuber/reconos/projects/sort_demo/hw/edk-static/system.mhs line 85 -
Running XST synthesis
INSTANCE:lmb_bram -
/home/rihuber/reconos/projects/sort_demo/hw/edk-static/system.mhs line 94 -
Running XST synthesis
INSTANCE:rs232_uart -
/home/rihuber/reconos/projects/sort_demo/hw/edk-static/system.mhs line 101 -
Running XST synthesis
INSTANCE:leds_8bit -
/home/rihuber/reconos/projects/sort_demo/hw/edk-static/system.mhs line 113 -
Running XST synthesis
INSTANCE:ddr3_sdram -
/home/rihuber/reconos/projects/sort_demo/hw/edk-static/system.mhs line 126 -
Running XST synthesis
INSTANCE:clock_generator_0 -
/home/rihuber/reconos/projects/sort_demo/hw/edk-static/system.mhs line 177 -
Running XST synthesis
INSTANCE:mdm_0 -
/home/rihuber/reconos/projects/sort_demo/hw/edk-static/system.mhs line 213 -
Running XST synthesis
INSTANCE:proc_sys_reset_0 -
/home/rihuber/reconos/projects/sort_demo/hw/edk-static/system.mhs line 226 -
Running XST synthesis
INSTANCE:xps_intc_0 -
/home/rihuber/reconos/projects/sort_demo/hw/edk-static/system.mhs line 239 -
Running XST synthesis
INSTANCE:dcr_timebase_0 -
/home/rihuber/reconos/projects/sort_demo/hw/edk-static/system.mhs line 249 -
Running XST synthesis
INSTANCE:plbv46_dcr_bridge_0 -
/home/rihuber/reconos/projects/sort_demo/hw/edk-static/system.mhs line 259 -
Running XST synthesis
INSTANCE:xps_timer_0 -
/home/rihuber/reconos/projects/sort_demo/hw/edk-static/system.mhs line 268 -
Running XST synthesis
INSTANCE:osif_0 -
/home/rihuber/reconos/projects/sort_demo/hw/edk-static/system.mhs line 279 -
Running XST synthesis
INSTANCE:hw_task_0 -
/home/rihuber/reconos/projects/sort_demo/hw/edk-static/system.mhs line 292 -
Running XST synthesis

Running NGCBUILD ...
IPNAME:ilmb_wrapper INSTANCE:ilmb -
/home/rihuber/reconos/projects/sort_demo/hw/edk-static/system.mhs line 62 -
Running NGCBUILD
IPNAME:dlmb_wrapper INSTANCE:dlmb -
/home/rihuber/reconos/projects/sort_demo/hw/edk-static/system.mhs line 69 -
Running NGCBUILD
IPNAME:ddr3_sdram_wrapper INSTANCE:ddr3_sdram -
/home/rihuber/reconos/projects/sort_demo/hw/edk-static/system.mhs line 126 -
Running NGCBUILD
IPNAME:clock_generator_0_wrapper INSTANCE:clock_generator_0 -
/home/rihuber/reconos/projects/sort_demo/hw/edk-static/system.mhs line 177 -
Running NGCBUILD
IPNAME:xps_intc_0_wrapper INSTANCE:xps_intc_0 -
/home/rihuber/reconos/projects/sort_demo/hw/edk-static/system.mhs line 239 -
Running NGCBUILD
IPNAME:hw_task_0_wrapper INSTANCE:hw_task_0 -
/home/rihuber/reconos/projects/sort_demo/hw/edk-static/system.mhs line 292 -
Running NGCBUILD

Rebuilding cache ...

Total run time: 378.00 seconds
